Flow report for dds_generator
Mon Mar 09 15:08:13 2020
Quartus II 64-Bit Version 13.0.1 Build 232 06/12/2013 Service Pack 1 SJ Web Edition


---------------------
; Table of Contents ;
---------------------
  1. Legal Notice
  2. Flow Summary
  3. Flow Settings
  4. Flow Non-Default Global Settings
  5. Flow Elapsed Time
  6. Flow OS Summary
  7. Flow Log
  8. Flow Messages
  9. Flow Suppressed Messages



----------------
; Legal Notice ;
----------------
Copyright (C) 1991-2013 Altera Corporation
Your use of Altera Corporation's design tools, logic functions 
and other software and tools, and its AMPP partner logic 
functions, and any output files from any of the foregoing 
(including device programming or simulation files), and any 
associated documentation or information are expressly subject 
to the terms and conditions of the Altera Program License 
Subscription Agreement, Altera MegaCore Function License 
Agreement, or other applicable license agreement, including, 
without limitation, that your use is for the sole purpose of 
programming logic devices manufactured by Altera and sold by 
Altera or its authorized distributors.  Please refer to the 
applicable agreement for further details.



+--------------------------------------------------------------------------------------+
; Flow Summary                                                                         ;
+------------------------------------+-------------------------------------------------+
; Flow Status                        ; Successful - Mon Mar 09 15:08:08 2020           ;
; Quartus II 64-Bit Version          ; 13.0.1 Build 232 06/12/2013 SP 1 SJ Web Edition ;
; Revision Name                      ; dds_generator                                   ;
; Top-level Entity Name              ; dss_gen                                         ;
; Family                             ; Cyclone II                                      ;
; Device                             ; EP2C35F672C6                                    ;
; Timing Models                      ; Final                                           ;
; Total logic elements               ; 1,415 / 33,216 ( 4 % )                          ;
;     Total combinational functions  ; 1,169 / 33,216 ( 4 % )                          ;
;     Dedicated logic registers      ; 860 / 33,216 ( 3 % )                            ;
; Total registers                    ; 860                                             ;
; Total pins                         ; 25 / 475 ( 5 % )                                ;
; Total virtual pins                 ; 0                                               ;
; Total memory bits                  ; 82,432 / 483,840 ( 17 % )                       ;
; Embedded Multiplier 9-bit elements ; 0 / 70 ( 0 % )                                  ;
; Total PLLs                         ; 0 / 4 ( 0 % )                                   ;
+------------------------------------+-------------------------------------------------+


+-----------------------------------------+
; Flow Settings                           ;
+-------------------+---------------------+
; Option            ; Setting             ;
+-------------------+---------------------+
; Start date & time ; 03/09/2020 15:07:12 ;
; Main task         ; Compilation         ;
; Revision Name     ; dds_generator       ;
+-------------------+---------------------+


+------------------------------------------------------------------------------------------------------------------------------------------------------------------+
; Flow Non-Default Global Settings                                                                                                                                 ;
+-------------------------------------+-----------------------------------------------------------+---------------+-----------------------------------+------------+
; Assignment Name                     ; Value                                                     ; Default Value ; Entity Name                       ; Section Id ;
+-------------------------------------+-----------------------------------------------------------+---------------+-----------------------------------+------------+
; COMPILER_SIGNATURE_ID               ; 123269439226210.158376283220436                           ; --            ; --                                ; --         ;
; IP_TOOL_ENV                         ; Qsys                                                      ; --            ; altera_avalon_packets_to_master   ; --         ;
; IP_TOOL_ENV                         ; Qsys                                                      ; --            ; altera_avalon_sc_fifo             ; --         ;
; IP_TOOL_ENV                         ; Qsys                                                      ; --            ; altera_avalon_st_bytes_to_packets ; --         ;
; IP_TOOL_ENV                         ; Qsys                                                      ; --            ; altera_avalon_st_jtag_interface   ; --         ;
; IP_TOOL_ENV                         ; Qsys                                                      ; --            ; altera_avalon_st_packets_to_bytes ; --         ;
; IP_TOOL_ENV                         ; Qsys                                                      ; --            ; altera_merlin_master_translator   ; --         ;
; IP_TOOL_ENV                         ; Qsys                                                      ; --            ; altera_merlin_slave_translator    ; --         ;
; IP_TOOL_ENV                         ; Qsys                                                      ; --            ; altera_reset_controller           ; --         ;
; IP_TOOL_ENV                         ; Qsys                                                      ; --            ; dss_gen                           ; --         ;
; IP_TOOL_ENV                         ; Qsys                                                      ; --            ; dss_gen_master_0                  ; --         ;
; IP_TOOL_ENV                         ; Qsys                                                      ; --            ; dss_gen_master_0_b2p_adapter      ; --         ;
; IP_TOOL_ENV                         ; Qsys                                                      ; --            ; dss_gen_master_0_p2b_adapter      ; --         ;
; IP_TOOL_ENV                         ; Qsys                                                      ; --            ; dss_gen_master_0_timing_adt       ; --         ;
; IP_TOOL_NAME                        ; altera_avalon_packets_to_master                           ; --            ; altera_avalon_packets_to_master   ; --         ;
; IP_TOOL_NAME                        ; altera_avalon_sc_fifo                                     ; --            ; altera_avalon_sc_fifo             ; --         ;
; IP_TOOL_NAME                        ; altera_avalon_st_bytes_to_packets                         ; --            ; altera_avalon_st_bytes_to_packets ; --         ;
; IP_TOOL_NAME                        ; altera_jtag_dc_streaming                                  ; --            ; altera_avalon_st_jtag_interface   ; --         ;
; IP_TOOL_NAME                        ; altera_avalon_st_packets_to_bytes                         ; --            ; altera_avalon_st_packets_to_bytes ; --         ;
; IP_TOOL_NAME                        ; altera_merlin_master_translator                           ; --            ; altera_merlin_master_translator   ; --         ;
; IP_TOOL_NAME                        ; altera_merlin_slave_translator                            ; --            ; altera_merlin_slave_translator    ; --         ;
; IP_TOOL_NAME                        ; altera_reset_controller                                   ; --            ; altera_reset_controller           ; --         ;
; IP_TOOL_NAME                        ; Qsys                                                      ; --            ; dss_gen                           ; --         ;
; IP_TOOL_NAME                        ; altera_jtag_avalon_master                                 ; --            ; dss_gen_master_0                  ; --         ;
; IP_TOOL_NAME                        ; channel_adapter                                           ; --            ; dss_gen_master_0_b2p_adapter      ; --         ;
; IP_TOOL_NAME                        ; channel_adapter                                           ; --            ; dss_gen_master_0_p2b_adapter      ; --         ;
; IP_TOOL_NAME                        ; timing_adapter                                            ; --            ; dss_gen_master_0_timing_adt       ; --         ;
; IP_TOOL_VERSION                     ; 13.0                                                      ; --            ; altera_avalon_packets_to_master   ; --         ;
; IP_TOOL_VERSION                     ; 13.0                                                      ; --            ; altera_avalon_sc_fifo             ; --         ;
; IP_TOOL_VERSION                     ; 11.1                                                      ; --            ; altera_avalon_st_bytes_to_packets ; --         ;
; IP_TOOL_VERSION                     ; 13.0                                                      ; --            ; altera_avalon_st_jtag_interface   ; --         ;
; IP_TOOL_VERSION                     ; 11.1                                                      ; --            ; altera_avalon_st_packets_to_bytes ; --         ;
; IP_TOOL_VERSION                     ; 13.0                                                      ; --            ; altera_merlin_master_translator   ; --         ;
; IP_TOOL_VERSION                     ; 13.0                                                      ; --            ; altera_merlin_slave_translator    ; --         ;
; IP_TOOL_VERSION                     ; 13.0                                                      ; --            ; altera_reset_controller           ; --         ;
; IP_TOOL_VERSION                     ; 13.0sp1                                                   ; --            ; dss_gen                           ; --         ;
; IP_TOOL_VERSION                     ; 13.0                                                      ; --            ; dss_gen_master_0                  ; --         ;
; IP_TOOL_VERSION                     ; 13.0                                                      ; --            ; dss_gen_master_0_b2p_adapter      ; --         ;
; IP_TOOL_VERSION                     ; 13.0                                                      ; --            ; dss_gen_master_0_p2b_adapter      ; --         ;
; IP_TOOL_VERSION                     ; 13.0                                                      ; --            ; dss_gen_master_0_timing_adt       ; --         ;
; MAX_CORE_JUNCTION_TEMP              ; 85                                                        ; --            ; --                                ; --         ;
; MIN_CORE_JUNCTION_TEMP              ; 0                                                         ; --            ; --                                ; --         ;
; MISC_FILE                           ; dss_gen/synthesis/../../dss_gen.cmp                       ; --            ; --                                ; --         ;
; MISC_FILE                           ; dss_gen/synthesis/../../dss_gen.qsys                      ; --            ; --                                ; --         ;
; PARTITION_COLOR                     ; 16764057                                                  ; --            ; dss_gen                           ; Top        ;
; PARTITION_FITTER_PRESERVATION_LEVEL ; PLACEMENT_AND_ROUTING                                     ; --            ; dss_gen                           ; Top        ;
; PARTITION_NETLIST_TYPE              ; SOURCE                                                    ; --            ; dss_gen                           ; Top        ;
; PROJECT_OUTPUT_DIRECTORY            ; output_files                                              ; --            ; --                                ; --         ;
; SLD_INFO                            ; QSYS_NAME dss_gen HAS_SOPCINFO 1 GENERATION_ID 1583762740 ; --            ; dss_gen                           ; --         ;
; SOPCINFO_FILE                       ; dss_gen/synthesis/../../dss_gen.sopcinfo                  ; --            ; --                                ; --         ;
; SYNTHESIS_ONLY_QIP                  ; On                                                        ; --            ; --                                ; --         ;
; TOP_LEVEL_ENTITY                    ; dss_gen                                                   ; dds_generator ; --                                ; --         ;
+-------------------------------------+-----------------------------------------------------------+---------------+-----------------------------------+------------+


+-------------------------------------------------------------------------------------------------------------------------------+
; Flow Elapsed Time                                                                                                             ;
+---------------------------+--------------+-------------------------+---------------------+------------------------------------+
; Module Name               ; Elapsed Time ; Average Processors Used ; Peak Virtual Memory ; Total CPU Time (on all processors) ;
+---------------------------+--------------+-------------------------+---------------------+------------------------------------+
; Analysis & Synthesis      ; 00:00:13     ; 1.0                     ; 4657 MB             ; 00:00:10                           ;
; Fitter                    ; 00:00:33     ; 1.0                     ; 4805 MB             ; 00:00:15                           ;
; Assembler                 ; 00:00:04     ; 1.0                     ; 4574 MB             ; 00:00:03                           ;
; TimeQuest Timing Analyzer ; 00:00:04     ; 1.0                     ; 4540 MB             ; 00:00:02                           ;
; Total                     ; 00:00:54     ; --                      ; --                  ; 00:00:30                           ;
+---------------------------+--------------+-------------------------+---------------------+------------------------------------+


+----------------------------------------------------------------------------------------+
; Flow OS Summary                                                                        ;
+---------------------------+------------------+-----------+------------+----------------+
; Module Name               ; Machine Hostname ; OS Name   ; OS Version ; Processor type ;
+---------------------------+------------------+-----------+------------+----------------+
; Analysis & Synthesis      ; DESKTOP-GT5L5G8  ; Windows 7 ; 6.2        ; x86_64         ;
; Fitter                    ; DESKTOP-GT5L5G8  ; Windows 7 ; 6.2        ; x86_64         ;
; Assembler                 ; DESKTOP-GT5L5G8  ; Windows 7 ; 6.2        ; x86_64         ;
; TimeQuest Timing Analyzer ; DESKTOP-GT5L5G8  ; Windows 7 ; 6.2        ; x86_64         ;
+---------------------------+------------------+-----------+------------+----------------+


------------
; Flow Log ;
------------
quartus_map --read_settings_files=on --write_settings_files=off dds_generator -c dds_generator
quartus_fit --read_settings_files=off --write_settings_files=off dds_generator -c dds_generator
quartus_asm --read_settings_files=off --write_settings_files=off dds_generator -c dds_generator
quartus_sta dds_generator -c dds_generator



