Info: Starting: Create HDL design files for synthesis
Info: ip-generate --project-directory=C:/Users/Lapunik/Dropbox/VHDL/ACZS/DDS_Generator/ --output-directory=C:/Users/Lapunik/Dropbox/VHDL/ACZS/DDS_Generator/dss_gen/synthesis/ --file-set=QUARTUS_SYNTH --report-file=sopcinfo:C:/Users/Lapunik/Dropbox/VHDL/ACZS/DDS_Generator/dss_gen.sopcinfo --report-file=html:C:/Users/Lapunik/Dropbox/VHDL/ACZS/DDS_Generator/dss_gen.html --report-file=qip:C:/Users/Lapunik/Dropbox/VHDL/ACZS/DDS_Generator/dss_gen/synthesis/dss_gen.qip --report-file=cmp:C:/Users/Lapunik/Dropbox/VHDL/ACZS/DDS_Generator/dss_gen.cmp --report-file=svd --system-info=DEVICE_FAMILY="Cyclone II" --system-info=DEVICE=EP2C35F672C6 --system-info=DEVICE_SPEEDGRADE=6 --component-file=C:/Users/Lapunik/Dropbox/VHDL/ACZS/DDS_Generator/dss_gen.qsys --language=VHDL
Progress: Loading DDS_Generator/dss_gen.qsys
Progress: Reading input file
Progress: Adding clk_0 [clock_source 13.0]
Progress: Parameterizing module clk_0
Progress: Adding master_0 [altera_jtag_avalon_master 13.0]
Progress: Parameterizing module master_0
Progress: Adding dds_gen_0 [dds_gen 1.0]
Progress: Parameterizing module dds_gen_0
Progress: Building connections
Progress: Parameterizing connections
Progress: Validating
Progress: Done reading input file
Info: dss_gen: Generating dss_gen "dss_gen" for QUARTUS_SYNTH
Info: pipeline_bridge_swap_transform: After transform: 3 modules, 5 connections
Info: No custom instruction connections, skipping transform 
Info: merlin_translator_transform: After transform: 5 modules, 11 connections
Info: merlin_mm_transform: After transform: 5 modules, 11 connections
Info: pipeline_bridge_swap_transform: After transform: 10 modules, 24 connections
Info: No custom instruction connections, skipping transform 
Info: No Avalon connections, skipping transform 
Info: merlin_translator_transform: After transform: 10 modules, 24 connections
Info: reset_adaptation_transform: After transform: 11 modules, 26 connections
Info: merlin_mm_transform: After transform: 11 modules, 26 connections
Info: master_0: "dss_gen" instantiated altera_jtag_avalon_master "master_0"
Info: dds_gen_0: "dss_gen" instantiated dds_gen "dds_gen_0"
Info: master_0_master_translator: "dss_gen" instantiated altera_merlin_master_translator "master_0_master_translator"
Info: dds_gen_0_avalon_slave_0_translator: "dss_gen" instantiated altera_merlin_slave_translator "dds_gen_0_avalon_slave_0_translator"
Info: jtag_phy_embedded_in_jtag_master: "master_0" instantiated altera_jtag_dc_streaming "jtag_phy_embedded_in_jtag_master"
Info: timing_adt: Starting generation. 
Info: timing_adt: "master_0" instantiated timing_adapter "timing_adt"
Info: fifo: "master_0" instantiated altera_avalon_sc_fifo "fifo"
Info: b2p: "master_0" instantiated altera_avalon_st_bytes_to_packets "b2p"
Info: p2b: "master_0" instantiated altera_avalon_st_packets_to_bytes "p2b"
Info: transacto: "master_0" instantiated altera_avalon_packets_to_master "transacto"
Info: b2p_adapter: Starting generation. 
Info: b2p_adapter: "master_0" instantiated channel_adapter "b2p_adapter"
Info: p2b_adapter: Starting generation. 
Info: p2b_adapter: "master_0" instantiated channel_adapter "p2b_adapter"
Info: rst_controller: "master_0" instantiated altera_reset_controller "rst_controller"
Info: dss_gen: Done dss_gen" with 14 modules, 30 files, 264742 bytes
Info: ip-generate succeeded.
Info: Finished: Create HDL design files for synthesis
