Analysis & Synthesis report for sin_gen
Mon Feb 24 13:05:19 2020
Quartus II 64-Bit Version 13.0.1 Build 232 06/12/2013 Service Pack 1 SJ Web Edition


---------------------
; Table of Contents ;
---------------------
  1. Legal Notice
  2. Analysis & Synthesis Summary
  3. Analysis & Synthesis Settings
  4. Parallel Compilation
  5. Analysis & Synthesis Source Files Read
  6. Analysis & Synthesis Resource Usage Summary
  7. Analysis & Synthesis Resource Utilization by Entity
  8. Analysis & Synthesis RAM Summary
  9. Analysis & Synthesis IP Cores Summary
 10. General Register Statistics
 11. Inverted Register Statistics
 12. Multiplexer Restructuring Statistics (Restructuring Performed)
 13. Source assignments for sig_rom:i_rom|altsyncram:altsyncram_component|altsyncram_cv91:auto_generated|altsyncram_0992:altsyncram1
 14. Source assignments for sondy:i_sondy|altsource_probe:altsource_probe_component|altsource_probe_body:altsource_probe_body_inst|altsource_probe_impl:\equal_width_gen:equal_width_inst
 15. Parameter Settings for User Entity Instance: sig_rom:i_rom|altsyncram:altsyncram_component
 16. Parameter Settings for User Entity Instance: sondy:i_sondy|altsource_probe:altsource_probe_component
 17. altsyncram Parameter Settings by Entity Instance
 18. Port Connectivity Checks: "sondy:i_sondy"
 19. In-System Memory Content Editor Settings
 20. Elapsed Time Per Partition
 21. Analysis & Synthesis Messages



----------------
; Legal Notice ;
----------------
Copyright (C) 1991-2013 Altera Corporation
Your use of Altera Corporation's design tools, logic functions 
and other software and tools, and its AMPP partner logic 
functions, and any output files from any of the foregoing 
(including device programming or simulation files), and any 
associated documentation or information are expressly subject 
to the terms and conditions of the Altera Program License 
Subscription Agreement, Altera MegaCore Function License 
Agreement, or other applicable license agreement, including, 
without limitation, that your use is for the sole purpose of 
programming logic devices manufactured by Altera and sold by 
Altera or its authorized distributors.  Please refer to the 
applicable agreement for further details.



+--------------------------------------------------------------------------------------+
; Analysis & Synthesis Summary                                                         ;
+------------------------------------+-------------------------------------------------+
; Analysis & Synthesis Status        ; Successful - Mon Feb 24 13:05:19 2020           ;
; Quartus II 64-Bit Version          ; 13.0.1 Build 232 06/12/2013 SP 1 SJ Web Edition ;
; Revision Name                      ; sin_gen                                         ;
; Top-level Entity Name              ; sin_gen                                         ;
; Family                             ; Cyclone II                                      ;
; Total logic elements               ; 367                                             ;
;     Total combinational functions  ; 346                                             ;
;     Dedicated logic registers      ; 243                                             ;
; Total registers                    ; 243                                             ;
; Total pins                         ; 15                                              ;
; Total virtual pins                 ; 0                                               ;
; Total memory bits                  ; 40,960                                          ;
; Embedded Multiplier 9-bit elements ; 0                                               ;
; Total PLLs                         ; 0                                               ;
+------------------------------------+-------------------------------------------------+


+----------------------------------------------------------------------------------------------------------------------+
; Analysis & Synthesis Settings                                                                                        ;
+----------------------------------------------------------------------------+--------------------+--------------------+
; Option                                                                     ; Setting            ; Default Value      ;
+----------------------------------------------------------------------------+--------------------+--------------------+
; Device                                                                     ; EP2C35F672C6       ;                    ;
; Top-level entity name                                                      ; sin_gen            ; sin_gen            ;
; Family name                                                                ; Cyclone II         ; Cyclone IV GX      ;
; Use smart compilation                                                      ; Off                ; Off                ;
; Enable parallel Assembler and TimeQuest Timing Analyzer during compilation ; On                 ; On                 ;
; Enable compact report table                                                ; Off                ; Off                ;
; Restructure Multiplexers                                                   ; Auto               ; Auto               ;
; Create Debugging Nodes for IP Cores                                        ; Off                ; Off                ;
; Preserve fewer node names                                                  ; On                 ; On                 ;
; Disable OpenCore Plus hardware evaluation                                  ; Off                ; Off                ;
; Verilog Version                                                            ; Verilog_2001       ; Verilog_2001       ;
; VHDL Version                                                               ; VHDL_1993          ; VHDL_1993          ;
; State Machine Processing                                                   ; Auto               ; Auto               ;
; Safe State Machine                                                         ; Off                ; Off                ;
; Extract Verilog State Machines                                             ; On                 ; On                 ;
; Extract VHDL State Machines                                                ; On                 ; On                 ;
; Ignore Verilog initial constructs                                          ; Off                ; Off                ;
; Iteration limit for constant Verilog loops                                 ; 5000               ; 5000               ;
; Iteration limit for non-constant Verilog loops                             ; 250                ; 250                ;
; Add Pass-Through Logic to Inferred RAMs                                    ; On                 ; On                 ;
; Infer RAMs from Raw Logic                                                  ; On                 ; On                 ;
; Parallel Synthesis                                                         ; On                 ; On                 ;
; DSP Block Balancing                                                        ; Auto               ; Auto               ;
; NOT Gate Push-Back                                                         ; On                 ; On                 ;
; Power-Up Don't Care                                                        ; On                 ; On                 ;
; Remove Redundant Logic Cells                                               ; Off                ; Off                ;
; Remove Duplicate Registers                                                 ; On                 ; On                 ;
; Ignore CARRY Buffers                                                       ; Off                ; Off                ;
; Ignore CASCADE Buffers                                                     ; Off                ; Off                ;
; Ignore GLOBAL Buffers                                                      ; Off                ; Off                ;
; Ignore ROW GLOBAL Buffers                                                  ; Off                ; Off                ;
; Ignore LCELL Buffers                                                       ; Off                ; Off                ;
; Ignore SOFT Buffers                                                        ; On                 ; On                 ;
; Limit AHDL Integers to 32 Bits                                             ; Off                ; Off                ;
; Optimization Technique                                                     ; Balanced           ; Balanced           ;
; Carry Chain Length                                                         ; 70                 ; 70                 ;
; Auto Carry Chains                                                          ; On                 ; On                 ;
; Auto Open-Drain Pins                                                       ; On                 ; On                 ;
; Perform WYSIWYG Primitive Resynthesis                                      ; Off                ; Off                ;
; Auto ROM Replacement                                                       ; On                 ; On                 ;
; Auto RAM Replacement                                                       ; On                 ; On                 ;
; Auto Shift Register Replacement                                            ; Auto               ; Auto               ;
; Allow Shift Register Merging across Hierarchies                            ; Auto               ; Auto               ;
; Auto Clock Enable Replacement                                              ; On                 ; On                 ;
; Strict RAM Replacement                                                     ; Off                ; Off                ;
; Allow Synchronous Control Signals                                          ; On                 ; On                 ;
; Force Use of Synchronous Clear Signals                                     ; Off                ; Off                ;
; Auto RAM to Logic Cell Conversion                                          ; Off                ; Off                ;
; Auto Resource Sharing                                                      ; Off                ; Off                ;
; Allow Any RAM Size For Recognition                                         ; Off                ; Off                ;
; Allow Any ROM Size For Recognition                                         ; Off                ; Off                ;
; Allow Any Shift Register Size For Recognition                              ; Off                ; Off                ;
; Use LogicLock Constraints during Resource Balancing                        ; On                 ; On                 ;
; Ignore translate_off and synthesis_off directives                          ; Off                ; Off                ;
; Timing-Driven Synthesis                                                    ; Off                ; Off                ;
; Report Parameter Settings                                                  ; On                 ; On                 ;
; Report Source Assignments                                                  ; On                 ; On                 ;
; Report Connectivity Checks                                                 ; On                 ; On                 ;
; Ignore Maximum Fan-Out Assignments                                         ; Off                ; Off                ;
; Synchronization Register Chain Length                                      ; 2                  ; 2                  ;
; PowerPlay Power Optimization                                               ; Normal compilation ; Normal compilation ;
; HDL message level                                                          ; Level2             ; Level2             ;
; Suppress Register Optimization Related Messages                            ; Off                ; Off                ;
; Number of Removed Registers Reported in Synthesis Report                   ; 5000               ; 5000               ;
; Number of Swept Nodes Reported in Synthesis Report                         ; 5000               ; 5000               ;
; Number of Inverted Registers Reported in Synthesis Report                  ; 100                ; 100                ;
; Clock MUX Protection                                                       ; On                 ; On                 ;
; Auto Gated Clock Conversion                                                ; Off                ; Off                ;
; Block Design Naming                                                        ; Auto               ; Auto               ;
; SDC constraint protection                                                  ; Off                ; Off                ;
; Synthesis Effort                                                           ; Auto               ; Auto               ;
; Shift Register Replacement - Allow Asynchronous Clear Signal               ; On                 ; On                 ;
; Pre-Mapping Resynthesis Optimization                                       ; Off                ; Off                ;
; Analysis & Synthesis Message Level                                         ; Medium             ; Medium             ;
; Disable Register Merging Across Hierarchies                                ; Auto               ; Auto               ;
; Resource Aware Inference For Block RAM                                     ; On                 ; On                 ;
; Synthesis Seed                                                             ; 1                  ; 1                  ;
+----------------------------------------------------------------------------+--------------------+--------------------+


Parallel compilation was disabled, but you have multiple processors available. Enable parallel compilation to reduce compilation time.
+-------------------------------------+
; Parallel Compilation                ;
+----------------------------+--------+
; Processors                 ; Number ;
+----------------------------+--------+
; Number detected on machine ; 8      ;
; Maximum allowed            ; 1      ;
+----------------------------+--------+


+--------------------------------------------------------------------------------------------------------------------------------------------------------------------------------------------------+
; Analysis & Synthesis Source Files Read                                                                                                                                                           ;
+----------------------------------+-----------------+----------------------------------+------------------------------------------------------------------------------------------------+---------+
; File Name with User-Entered Path ; Used in Netlist ; File Type                        ; File Name with Absolute Path                                                                   ; Library ;
+----------------------------------+-----------------+----------------------------------+------------------------------------------------------------------------------------------------+---------+
; sin_gen.vhd                      ; yes             ; User VHDL File                   ; C:/Users/Lapunik/Dropbox/VHDL/ACZS/Generator_sin/sin_gen.vhd                                   ;         ;
; sin_gen.mif                      ; yes             ; User Memory Initialization File  ; C:/Users/Lapunik/Dropbox/VHDL/ACZS/Generator_sin/sin_gen.mif                                   ;         ;
; sig_rom.vhd                      ; yes             ; User Wizard-Generated File       ; C:/Users/Lapunik/Dropbox/VHDL/ACZS/Generator_sin/sig_rom.vhd                                   ;         ;
; sondy.vhd                        ; yes             ; User Wizard-Generated File       ; C:/Users/Lapunik/Dropbox/VHDL/ACZS/Generator_sin/sondy.vhd                                     ;         ;
; altsyncram.tdf                   ; yes             ; Megafunction                     ; d:/program files (x86)/altera/13.0sp1/quartus/libraries/megafunctions/altsyncram.tdf           ;         ;
; stratix_ram_block.inc            ; yes             ; Megafunction                     ; d:/program files (x86)/altera/13.0sp1/quartus/libraries/megafunctions/stratix_ram_block.inc    ;         ;
; lpm_mux.inc                      ; yes             ; Megafunction                     ; d:/program files (x86)/altera/13.0sp1/quartus/libraries/megafunctions/lpm_mux.inc              ;         ;
; lpm_decode.inc                   ; yes             ; Megafunction                     ; d:/program files (x86)/altera/13.0sp1/quartus/libraries/megafunctions/lpm_decode.inc           ;         ;
; aglobal130.inc                   ; yes             ; Megafunction                     ; d:/program files (x86)/altera/13.0sp1/quartus/libraries/megafunctions/aglobal130.inc           ;         ;
; a_rdenreg.inc                    ; yes             ; Megafunction                     ; d:/program files (x86)/altera/13.0sp1/quartus/libraries/megafunctions/a_rdenreg.inc            ;         ;
; altrom.inc                       ; yes             ; Megafunction                     ; d:/program files (x86)/altera/13.0sp1/quartus/libraries/megafunctions/altrom.inc               ;         ;
; altram.inc                       ; yes             ; Megafunction                     ; d:/program files (x86)/altera/13.0sp1/quartus/libraries/megafunctions/altram.inc               ;         ;
; altdpram.inc                     ; yes             ; Megafunction                     ; d:/program files (x86)/altera/13.0sp1/quartus/libraries/megafunctions/altdpram.inc             ;         ;
; db/altsyncram_cv91.tdf           ; yes             ; Auto-Generated Megafunction      ; C:/Users/Lapunik/Dropbox/VHDL/ACZS/Generator_sin/db/altsyncram_cv91.tdf                        ;         ;
; db/altsyncram_0992.tdf           ; yes             ; Auto-Generated Megafunction      ; C:/Users/Lapunik/Dropbox/VHDL/ACZS/Generator_sin/db/altsyncram_0992.tdf                        ;         ;
; sld_mod_ram_rom.vhd              ; yes             ; Encrypted Megafunction           ; d:/program files (x86)/altera/13.0sp1/quartus/libraries/megafunctions/sld_mod_ram_rom.vhd      ;         ;
; sld_rom_sr.vhd                   ; yes             ; Encrypted Megafunction           ; d:/program files (x86)/altera/13.0sp1/quartus/libraries/megafunctions/sld_rom_sr.vhd           ;         ;
; altsource_probe.v                ; yes             ; Megafunction                     ; d:/program files (x86)/altera/13.0sp1/quartus/libraries/megafunctions/altsource_probe.v        ;         ;
; altsource_probe_body.vhd         ; yes             ; Megafunction                     ; d:/program files (x86)/altera/13.0sp1/quartus/libraries/megafunctions/altsource_probe_body.vhd ;         ;
; sld_hub.vhd                      ; yes             ; Encrypted Megafunction           ; d:/program files (x86)/altera/13.0sp1/quartus/libraries/megafunctions/sld_hub.vhd              ;         ;
; sld_jtag_hub.vhd                 ; yes             ; Encrypted Megafunction           ; d:/program files (x86)/altera/13.0sp1/quartus/libraries/megafunctions/sld_jtag_hub.vhd         ;         ;
+----------------------------------+-----------------+----------------------------------+------------------------------------------------------------------------------------------------+---------+


+------------------------------------------------------------------------+
; Analysis & Synthesis Resource Usage Summary                            ;
+---------------------------------------------+--------------------------+
; Resource                                    ; Usage                    ;
+---------------------------------------------+--------------------------+
; Estimated Total logic elements              ; 367                      ;
;                                             ;                          ;
; Total combinational functions               ; 346                      ;
; Logic element usage by number of LUT inputs ;                          ;
;     -- 4 input functions                    ; 145                      ;
;     -- 3 input functions                    ; 130                      ;
;     -- <=2 input functions                  ; 71                       ;
;                                             ;                          ;
; Logic elements by mode                      ;                          ;
;     -- normal mode                          ; 292                      ;
;     -- arithmetic mode                      ; 54                       ;
;                                             ;                          ;
; Total registers                             ; 243                      ;
;     -- Dedicated logic registers            ; 243                      ;
;     -- I/O registers                        ; 0                        ;
;                                             ;                          ;
; I/O pins                                    ; 15                       ;
; Total memory bits                           ; 40960                    ;
; Embedded Multiplier 9-bit elements          ; 0                        ;
; Maximum fan-out node                        ; altera_internal_jtag~TDO ;
; Maximum fan-out                             ; 247                      ;
; Total fan-out                               ; 2278                     ;
; Average fan-out                             ; 3.68                     ;
+---------------------------------------------+--------------------------+


+--------------------------------------------------------------------------------------------------------------------------------------------------------------------------------------------------------------------------------------------------------------------------------------------------------------------------------------------------------------------------------------------------------------------+
; Analysis & Synthesis Resource Utilization by Entity                                                                                                                                                                                                                                                                                                                                                                ;
+----------------------------------------------------------------------+-------------------+--------------+-------------+--------------+---------+-----------+------+--------------+------------------------------------------------------------------------------------------------------------------------------------------------------------------------------------------------------------------+--------------+
; Compilation Hierarchy Node                                           ; LC Combinationals ; LC Registers ; Memory Bits ; DSP Elements ; DSP 9x9 ; DSP 18x18 ; Pins ; Virtual Pins ; Full Hierarchy Name                                                                                                                                                                                              ; Library Name ;
+----------------------------------------------------------------------+-------------------+--------------+-------------+--------------+---------+-----------+------+--------------+------------------------------------------------------------------------------------------------------------------------------------------------------------------------------------------------------------------+--------------+
; |sin_gen                                                             ; 346 (33)          ; 243 (32)     ; 40960       ; 0            ; 0       ; 0         ; 15   ; 0            ; |sin_gen                                                                                                                                                                                                         ; work         ;
;    |sig_rom:i_rom|                                                   ; 68 (0)            ; 41 (0)       ; 40960       ; 0            ; 0       ; 0         ; 0    ; 0            ; |sin_gen|sig_rom:i_rom                                                                                                                                                                                           ; work         ;
;       |altsyncram:altsyncram_component|                              ; 68 (0)            ; 41 (0)       ; 40960       ; 0            ; 0       ; 0         ; 0    ; 0            ; |sin_gen|sig_rom:i_rom|altsyncram:altsyncram_component                                                                                                                                                           ; work         ;
;          |altsyncram_cv91:auto_generated|                            ; 68 (0)            ; 41 (0)       ; 40960       ; 0            ; 0       ; 0         ; 0    ; 0            ; |sin_gen|sig_rom:i_rom|altsyncram:altsyncram_component|altsyncram_cv91:auto_generated                                                                                                                            ; work         ;
;             |altsyncram_0992:altsyncram1|                            ; 0 (0)             ; 0 (0)        ; 40960       ; 0            ; 0       ; 0         ; 0    ; 0            ; |sin_gen|sig_rom:i_rom|altsyncram:altsyncram_component|altsyncram_cv91:auto_generated|altsyncram_0992:altsyncram1                                                                                                ; work         ;
;             |sld_mod_ram_rom:mgl_prim2|                              ; 68 (44)           ; 41 (32)      ; 0           ; 0            ; 0       ; 0         ; 0    ; 0            ; |sin_gen|sig_rom:i_rom|altsyncram:altsyncram_component|altsyncram_cv91:auto_generated|sld_mod_ram_rom:mgl_prim2                                                                                                  ; work         ;
;                |sld_rom_sr:\ram_rom_logic_gen:name_gen:info_rom_sr|  ; 24 (24)           ; 9 (9)        ; 0           ; 0            ; 0       ; 0         ; 0    ; 0            ; |sin_gen|sig_rom:i_rom|altsyncram:altsyncram_component|altsyncram_cv91:auto_generated|sld_mod_ram_rom:mgl_prim2|sld_rom_sr:\ram_rom_logic_gen:name_gen:info_rom_sr                                               ; work         ;
;    |sld_hub:auto_hub|                                                ; 156 (1)           ; 97 (0)       ; 0           ; 0            ; 0       ; 0         ; 0    ; 0            ; |sin_gen|sld_hub:auto_hub                                                                                                                                                                                        ; work         ;
;       |sld_jtag_hub:\jtag_hub_gen:sld_jtag_hub_inst|                 ; 155 (117)         ; 97 (69)      ; 0           ; 0            ; 0       ; 0         ; 0    ; 0            ; |sin_gen|sld_hub:auto_hub|sld_jtag_hub:\jtag_hub_gen:sld_jtag_hub_inst                                                                                                                                           ; work         ;
;          |sld_rom_sr:hub_info_reg|                                   ; 21 (21)           ; 9 (9)        ; 0           ; 0            ; 0       ; 0         ; 0    ; 0            ; |sin_gen|sld_hub:auto_hub|sld_jtag_hub:\jtag_hub_gen:sld_jtag_hub_inst|sld_rom_sr:hub_info_reg                                                                                                                   ; work         ;
;          |sld_shadow_jsm:shadow_jsm|                                 ; 17 (17)           ; 19 (19)      ; 0           ; 0            ; 0       ; 0         ; 0    ; 0            ; |sin_gen|sld_hub:auto_hub|sld_jtag_hub:\jtag_hub_gen:sld_jtag_hub_inst|sld_shadow_jsm:shadow_jsm                                                                                                                 ; work         ;
;    |sondy:i_sondy|                                                   ; 89 (0)            ; 73 (0)       ; 0           ; 0            ; 0       ; 0         ; 0    ; 0            ; |sin_gen|sondy:i_sondy                                                                                                                                                                                           ; work         ;
;       |altsource_probe:altsource_probe_component|                    ; 89 (0)            ; 73 (0)       ; 0           ; 0            ; 0       ; 0         ; 0    ; 0            ; |sin_gen|sondy:i_sondy|altsource_probe:altsource_probe_component                                                                                                                                                 ; work         ;
;          |altsource_probe_body:altsource_probe_body_inst|            ; 89 (3)            ; 73 (0)       ; 0           ; 0            ; 0       ; 0         ; 0    ; 0            ; |sin_gen|sondy:i_sondy|altsource_probe:altsource_probe_component|altsource_probe_body:altsource_probe_body_inst                                                                                                  ; work         ;
;             |altsource_probe_impl:\equal_width_gen:equal_width_inst| ; 86 (69)           ; 73 (65)      ; 0           ; 0            ; 0       ; 0         ; 0    ; 0            ; |sin_gen|sondy:i_sondy|altsource_probe:altsource_probe_component|altsource_probe_body:altsource_probe_body_inst|altsource_probe_impl:\equal_width_gen:equal_width_inst                                           ; work         ;
;                |sld_rom_sr:\instance_id_gen:rom_info_inst|           ; 17 (17)           ; 8 (8)        ; 0           ; 0            ; 0       ; 0         ; 0    ; 0            ; |sin_gen|sondy:i_sondy|altsource_probe:altsource_probe_component|altsource_probe_body:altsource_probe_body_inst|altsource_probe_impl:\equal_width_gen:equal_width_inst|sld_rom_sr:\instance_id_gen:rom_info_inst ; work         ;
+----------------------------------------------------------------------+-------------------+--------------+-------------+--------------+---------+-----------+------+--------------+------------------------------------------------------------------------------------------------------------------------------------------------------------------------------------------------------------------+--------------+
Note: For table entries with two numbers listed, the numbers in parentheses indicate the number of resources of the given type used by the specific entity alone. The numbers listed outside of parentheses indicate the total resources of the given type used by the specific entity and all of its sub-entities in the hierarchy.


+-------------------------------------------------------------------------------------------------------------------------------------------------------------------------------------------------------------------------------+
; Analysis & Synthesis RAM Summary                                                                                                                                                                                              ;
+---------------------------------------------------------------------------------------------------------------------+------+----------------+--------------+--------------+--------------+--------------+-------+-------------+
; Name                                                                                                                ; Type ; Mode           ; Port A Depth ; Port A Width ; Port B Depth ; Port B Width ; Size  ; MIF         ;
+---------------------------------------------------------------------------------------------------------------------+------+----------------+--------------+--------------+--------------+--------------+-------+-------------+
; sig_rom:i_rom|altsyncram:altsyncram_component|altsyncram_cv91:auto_generated|altsyncram_0992:altsyncram1|ALTSYNCRAM ; AUTO ; True Dual Port ; 4096         ; 10           ; 4096         ; 10           ; 40960 ; sin_gen.mif ;
+---------------------------------------------------------------------------------------------------------------------+------+----------------+--------------+--------------+--------------+--------------+-------+-------------+


+-----------------------------------------------------------------------------------------------------------------------------------------------------------------------+
; Analysis & Synthesis IP Cores Summary                                                                                                                                 ;
+--------+------------------------------+---------+--------------+--------------+------------------------+--------------------------------------------------------------+
; Vendor ; IP Core Name                 ; Version ; Release Date ; License Type ; Entity Instance        ; IP Include File                                              ;
+--------+------------------------------+---------+--------------+--------------+------------------------+--------------------------------------------------------------+
; Altera ; ROM: 1-PORT                  ; 13.0    ; N/A          ; N/A          ; |sin_gen|sig_rom:i_rom ; C:/Users/Lapunik/Dropbox/VHDL/ACZS/Generator_sin/sig_rom.vhd ;
; Altera ; In-System Sources and Probes ; 13.0    ; N/A          ; N/A          ; |sin_gen|sondy:i_sondy ; C:/Users/Lapunik/Dropbox/VHDL/ACZS/Generator_sin/sondy.vhd   ;
+--------+------------------------------+---------+--------------+--------------+------------------------+--------------------------------------------------------------+


+------------------------------------------------------+
; General Register Statistics                          ;
+----------------------------------------------+-------+
; Statistic                                    ; Value ;
+----------------------------------------------+-------+
; Total registers                              ; 243   ;
; Number of registers using Synchronous Clear  ; 17    ;
; Number of registers using Synchronous Load   ; 57    ;
; Number of registers using Asynchronous Clear ; 132   ;
; Number of registers using Asynchronous Load  ; 0     ;
; Number of registers using Clock Enable       ; 144   ;
; Number of registers using Preset             ; 0     ;
+----------------------------------------------+-------+


+----------------------------------------------------------------------------------------+
; Inverted Register Statistics                                                           ;
+------------------------------------------------------------------------------+---------+
; Inverted Register                                                            ; Fan out ;
+------------------------------------------------------------------------------+---------+
; sld_hub:auto_hub|sld_jtag_hub:\jtag_hub_gen:sld_jtag_hub_inst|tdo            ; 1       ;
; sld_hub:auto_hub|sld_jtag_hub:\jtag_hub_gen:sld_jtag_hub_inst|jtag_ir_reg[2] ; 2       ;
; sld_hub:auto_hub|sld_jtag_hub:\jtag_hub_gen:sld_jtag_hub_inst|jtag_ir_reg[1] ; 3       ;
; Total number of inverted registers = 3                                       ;         ;
+------------------------------------------------------------------------------+---------+


+------------------------------------------------------------------------------------------------------------------------------------------------------------------------------------------------------------------------------------------------------------------------------------------------------------------------------------------------+
; Multiplexer Restructuring Statistics (Restructuring Performed)                                                                                                                                                                                                                                                                                 ;
+--------------------+-----------+---------------+----------------------+------------------------+------------+----------------------------------------------------------------------------------------------------------------------------------------------------------------------------------------------------------------------------------+
; Multiplexer Inputs ; Bus Width ; Baseline Area ; Area if Restructured ; Saving if Restructured ; Registered ; Example Multiplexer Output                                                                                                                                                                                                       ;
+--------------------+-----------+---------------+----------------------+------------------------+------------+----------------------------------------------------------------------------------------------------------------------------------------------------------------------------------------------------------------------------------+
; 3:1                ; 32 bits   ; 64 LEs        ; 32 LEs               ; 32 LEs                 ; Yes        ; |sin_gen|sondy:i_sondy|altsource_probe:altsource_probe_component|altsource_probe_body:altsource_probe_body_inst|altsource_probe_impl:\equal_width_gen:equal_width_inst|hold_reg[25]                                              ;
; 3:1                ; 4 bits    ; 8 LEs         ; 4 LEs                ; 4 LEs                  ; Yes        ; |sin_gen|sig_rom:i_rom|altsyncram:altsyncram_component|altsyncram_cv91:auto_generated|sld_mod_ram_rom:mgl_prim2|ram_rom_data_shift_cntr_reg[2]                                                                                   ;
; 3:1                ; 10 bits   ; 20 LEs        ; 10 LEs               ; 10 LEs                 ; Yes        ; |sin_gen|sig_rom:i_rom|altsyncram:altsyncram_component|altsyncram_cv91:auto_generated|sld_mod_ram_rom:mgl_prim2|ram_rom_data_reg[3]                                                                                              ;
; 3:1                ; 12 bits   ; 24 LEs        ; 12 LEs               ; 12 LEs                 ; Yes        ; |sin_gen|sig_rom:i_rom|altsyncram:altsyncram_component|altsyncram_cv91:auto_generated|sld_mod_ram_rom:mgl_prim2|ram_rom_addr_reg[11]                                                                                             ;
; 5:1                ; 32 bits   ; 96 LEs        ; 64 LEs               ; 32 LEs                 ; Yes        ; |sin_gen|sondy:i_sondy|altsource_probe:altsource_probe_component|altsource_probe_body:altsource_probe_body_inst|altsource_probe_impl:\equal_width_gen:equal_width_inst|shift_reg[21]                                             ;
; 5:1                ; 5 bits    ; 15 LEs        ; 5 LEs                ; 10 LEs                 ; Yes        ; |sin_gen|sig_rom:i_rom|altsyncram:altsyncram_component|altsyncram_cv91:auto_generated|sld_mod_ram_rom:mgl_prim2|sld_rom_sr:\ram_rom_logic_gen:name_gen:info_rom_sr|word_counter[2]                                               ;
; 5:1                ; 4 bits    ; 12 LEs        ; 4 LEs                ; 8 LEs                  ; Yes        ; |sin_gen|sondy:i_sondy|altsource_probe:altsource_probe_component|altsource_probe_body:altsource_probe_body_inst|altsource_probe_impl:\equal_width_gen:equal_width_inst|sld_rom_sr:\instance_id_gen:rom_info_inst|word_counter[3] ;
; 17:1               ; 4 bits    ; 44 LEs        ; 36 LEs               ; 8 LEs                  ; Yes        ; |sin_gen|sondy:i_sondy|altsource_probe:altsource_probe_component|altsource_probe_body:altsource_probe_body_inst|altsource_probe_impl:\equal_width_gen:equal_width_inst|sld_rom_sr:\instance_id_gen:rom_info_inst|WORD_SR[3]      ;
; 24:1               ; 4 bits    ; 64 LEs        ; 44 LEs               ; 20 LEs                 ; Yes        ; |sin_gen|sig_rom:i_rom|altsyncram:altsyncram_component|altsyncram_cv91:auto_generated|sld_mod_ram_rom:mgl_prim2|sld_rom_sr:\ram_rom_logic_gen:name_gen:info_rom_sr|WORD_SR[3]                                                    ;
+--------------------+-----------+---------------+----------------------+------------------------+------------+----------------------------------------------------------------------------------------------------------------------------------------------------------------------------------------------------------------------------------+


+---------------------------------------------------------------------------------------------------------------------------------+
; Source assignments for sig_rom:i_rom|altsyncram:altsyncram_component|altsyncram_cv91:auto_generated|altsyncram_0992:altsyncram1 ;
+---------------------------------+--------------------+------+-------------------------------------------------------------------+
; Assignment                      ; Value              ; From ; To                                                                ;
+---------------------------------+--------------------+------+-------------------------------------------------------------------+
; OPTIMIZE_POWER_DURING_SYNTHESIS ; NORMAL_COMPILATION ; -    ; -                                                                 ;
+---------------------------------+--------------------+------+-------------------------------------------------------------------+


+--------------------------------------------------------------------------------------------------------------------------------------------------------------------------------------+
; Source assignments for sondy:i_sondy|altsource_probe:altsource_probe_component|altsource_probe_body:altsource_probe_body_inst|altsource_probe_impl:\equal_width_gen:equal_width_inst ;
+---------------------------------+-------+------+-------------------------------------------------------------------------------------------------------------------------------------+
; Assignment                      ; Value ; From ; To                                                                                                                                  ;
+---------------------------------+-------+------+-------------------------------------------------------------------------------------------------------------------------------------+
; NOT_GATE_PUSH_BACK              ; OFF   ; -    ; -                                                                                                                                   ;
; POWER_UP_LEVEL                  ; LOW   ; -    ; -                                                                                                                                   ;
; AUTO_SHIFT_REGISTER_RECOGNITION ; OFF   ; -    ; -                                                                                                                                   ;
; AUTO_CLOCK_ENABLE_RECOGNITION   ; OFF   ; -    ; hold_reg[0]                                                                                                                         ;
; AUTO_CLOCK_ENABLE_RECOGNITION   ; OFF   ; -    ; hold_reg[31]                                                                                                                        ;
; AUTO_CLOCK_ENABLE_RECOGNITION   ; OFF   ; -    ; hold_reg[30]                                                                                                                        ;
; AUTO_CLOCK_ENABLE_RECOGNITION   ; OFF   ; -    ; hold_reg[29]                                                                                                                        ;
; AUTO_CLOCK_ENABLE_RECOGNITION   ; OFF   ; -    ; hold_reg[28]                                                                                                                        ;
; AUTO_CLOCK_ENABLE_RECOGNITION   ; OFF   ; -    ; hold_reg[27]                                                                                                                        ;
; AUTO_CLOCK_ENABLE_RECOGNITION   ; OFF   ; -    ; hold_reg[26]                                                                                                                        ;
; AUTO_CLOCK_ENABLE_RECOGNITION   ; OFF   ; -    ; hold_reg[25]                                                                                                                        ;
; AUTO_CLOCK_ENABLE_RECOGNITION   ; OFF   ; -    ; hold_reg[24]                                                                                                                        ;
; AUTO_CLOCK_ENABLE_RECOGNITION   ; OFF   ; -    ; hold_reg[23]                                                                                                                        ;
; AUTO_CLOCK_ENABLE_RECOGNITION   ; OFF   ; -    ; hold_reg[22]                                                                                                                        ;
; AUTO_CLOCK_ENABLE_RECOGNITION   ; OFF   ; -    ; hold_reg[21]                                                                                                                        ;
; AUTO_CLOCK_ENABLE_RECOGNITION   ; OFF   ; -    ; hold_reg[20]                                                                                                                        ;
; AUTO_CLOCK_ENABLE_RECOGNITION   ; OFF   ; -    ; hold_reg[19]                                                                                                                        ;
; AUTO_CLOCK_ENABLE_RECOGNITION   ; OFF   ; -    ; hold_reg[18]                                                                                                                        ;
; AUTO_CLOCK_ENABLE_RECOGNITION   ; OFF   ; -    ; hold_reg[17]                                                                                                                        ;
; AUTO_CLOCK_ENABLE_RECOGNITION   ; OFF   ; -    ; hold_reg[16]                                                                                                                        ;
; AUTO_CLOCK_ENABLE_RECOGNITION   ; OFF   ; -    ; hold_reg[15]                                                                                                                        ;
; AUTO_CLOCK_ENABLE_RECOGNITION   ; OFF   ; -    ; hold_reg[14]                                                                                                                        ;
; AUTO_CLOCK_ENABLE_RECOGNITION   ; OFF   ; -    ; hold_reg[13]                                                                                                                        ;
; AUTO_CLOCK_ENABLE_RECOGNITION   ; OFF   ; -    ; hold_reg[12]                                                                                                                        ;
; AUTO_CLOCK_ENABLE_RECOGNITION   ; OFF   ; -    ; hold_reg[11]                                                                                                                        ;
; AUTO_CLOCK_ENABLE_RECOGNITION   ; OFF   ; -    ; hold_reg[10]                                                                                                                        ;
; AUTO_CLOCK_ENABLE_RECOGNITION   ; OFF   ; -    ; hold_reg[9]                                                                                                                         ;
; AUTO_CLOCK_ENABLE_RECOGNITION   ; OFF   ; -    ; hold_reg[8]                                                                                                                         ;
; AUTO_CLOCK_ENABLE_RECOGNITION   ; OFF   ; -    ; hold_reg[7]                                                                                                                         ;
; AUTO_CLOCK_ENABLE_RECOGNITION   ; OFF   ; -    ; hold_reg[6]                                                                                                                         ;
; AUTO_CLOCK_ENABLE_RECOGNITION   ; OFF   ; -    ; hold_reg[5]                                                                                                                         ;
; AUTO_CLOCK_ENABLE_RECOGNITION   ; OFF   ; -    ; hold_reg[4]                                                                                                                         ;
; AUTO_CLOCK_ENABLE_RECOGNITION   ; OFF   ; -    ; hold_reg[3]                                                                                                                         ;
; AUTO_CLOCK_ENABLE_RECOGNITION   ; OFF   ; -    ; hold_reg[2]                                                                                                                         ;
; AUTO_CLOCK_ENABLE_RECOGNITION   ; OFF   ; -    ; hold_reg[1]                                                                                                                         ;
+---------------------------------+-------+------+-------------------------------------------------------------------------------------------------------------------------------------+


+--------------------------------------------------------------------------------------------+
; Parameter Settings for User Entity Instance: sig_rom:i_rom|altsyncram:altsyncram_component ;
+------------------------------------+----------------------+--------------------------------+
; Parameter Name                     ; Value                ; Type                           ;
+------------------------------------+----------------------+--------------------------------+
; BYTE_SIZE_BLOCK                    ; 8                    ; Untyped                        ;
; AUTO_CARRY_CHAINS                  ; ON                   ; AUTO_CARRY                     ;
; IGNORE_CARRY_BUFFERS               ; OFF                  ; IGNORE_CARRY                   ;
; AUTO_CASCADE_CHAINS                ; ON                   ; AUTO_CASCADE                   ;
; IGNORE_CASCADE_BUFFERS             ; OFF                  ; IGNORE_CASCADE                 ;
; WIDTH_BYTEENA                      ; 1                    ; Untyped                        ;
; OPERATION_MODE                     ; ROM                  ; Untyped                        ;
; WIDTH_A                            ; 10                   ; Signed Integer                 ;
; WIDTHAD_A                          ; 12                   ; Signed Integer                 ;
; NUMWORDS_A                         ; 4096                 ; Signed Integer                 ;
; OUTDATA_REG_A                      ; CLOCK0               ; Untyped                        ;
; ADDRESS_ACLR_A                     ; NONE                 ; Untyped                        ;
; OUTDATA_ACLR_A                     ; CLEAR0               ; Untyped                        ;
; WRCONTROL_ACLR_A                   ; NONE                 ; Untyped                        ;
; INDATA_ACLR_A                      ; NONE                 ; Untyped                        ;
; BYTEENA_ACLR_A                     ; NONE                 ; Untyped                        ;
; WIDTH_B                            ; 1                    ; Untyped                        ;
; WIDTHAD_B                          ; 1                    ; Untyped                        ;
; NUMWORDS_B                         ; 1                    ; Untyped                        ;
; INDATA_REG_B                       ; CLOCK1               ; Untyped                        ;
; WRCONTROL_WRADDRESS_REG_B          ; CLOCK1               ; Untyped                        ;
; RDCONTROL_REG_B                    ; CLOCK1               ; Untyped                        ;
; ADDRESS_REG_B                      ; CLOCK1               ; Untyped                        ;
; OUTDATA_REG_B                      ; UNREGISTERED         ; Untyped                        ;
; BYTEENA_REG_B                      ; CLOCK1               ; Untyped                        ;
; INDATA_ACLR_B                      ; NONE                 ; Untyped                        ;
; WRCONTROL_ACLR_B                   ; NONE                 ; Untyped                        ;
; ADDRESS_ACLR_B                     ; NONE                 ; Untyped                        ;
; OUTDATA_ACLR_B                     ; NONE                 ; Untyped                        ;
; RDCONTROL_ACLR_B                   ; NONE                 ; Untyped                        ;
; BYTEENA_ACLR_B                     ; NONE                 ; Untyped                        ;
; WIDTH_BYTEENA_A                    ; 1                    ; Signed Integer                 ;
; WIDTH_BYTEENA_B                    ; 1                    ; Untyped                        ;
; RAM_BLOCK_TYPE                     ; AUTO                 ; Untyped                        ;
; BYTE_SIZE                          ; 8                    ; Untyped                        ;
; READ_DURING_WRITE_MODE_MIXED_PORTS ; DONT_CARE            ; Untyped                        ;
; READ_DURING_WRITE_MODE_PORT_A      ; NEW_DATA_NO_NBE_READ ; Untyped                        ;
; READ_DURING_WRITE_MODE_PORT_B      ; NEW_DATA_NO_NBE_READ ; Untyped                        ;
; INIT_FILE                          ; sin_gen.mif          ; Untyped                        ;
; INIT_FILE_LAYOUT                   ; PORT_A               ; Untyped                        ;
; MAXIMUM_DEPTH                      ; 0                    ; Untyped                        ;
; CLOCK_ENABLE_INPUT_A               ; BYPASS               ; Untyped                        ;
; CLOCK_ENABLE_INPUT_B               ; NORMAL               ; Untyped                        ;
; CLOCK_ENABLE_OUTPUT_A              ; BYPASS               ; Untyped                        ;
; CLOCK_ENABLE_OUTPUT_B              ; NORMAL               ; Untyped                        ;
; CLOCK_ENABLE_CORE_A                ; USE_INPUT_CLKEN      ; Untyped                        ;
; CLOCK_ENABLE_CORE_B                ; USE_INPUT_CLKEN      ; Untyped                        ;
; ENABLE_ECC                         ; FALSE                ; Untyped                        ;
; ECC_PIPELINE_STAGE_ENABLED         ; FALSE                ; Untyped                        ;
; WIDTH_ECCSTATUS                    ; 3                    ; Untyped                        ;
; DEVICE_FAMILY                      ; Cyclone II           ; Untyped                        ;
; CBXI_PARAMETER                     ; altsyncram_cv91      ; Untyped                        ;
+------------------------------------+----------------------+--------------------------------+
Note: In order to hide this table in the UI and the text report file, please set the "Show Parameter Settings in Synthesis Report" option in "Analysis and Synthesis Settings -> More Settings" to "Off".


+------------------------------------------------------------------------------------------------------+
; Parameter Settings for User Entity Instance: sondy:i_sondy|altsource_probe:altsource_probe_component ;
+-------------------------+-----------------+----------------------------------------------------------+
; Parameter Name          ; Value           ; Type                                                     ;
+-------------------------+-----------------+----------------------------------------------------------+
; lpm_type                ; altsource_probe ; String                                                   ;
; lpm_hint                ; UNUSED          ; String                                                   ;
; sld_auto_instance_index ; YES             ; String                                                   ;
; sld_instance_index      ; 0               ; Signed Integer                                           ;
; SLD_NODE_INFO           ; 4746752         ; Signed Integer                                           ;
; sld_ir_width            ; 4               ; Signed Integer                                           ;
; instance_id             ; PRBS            ; String                                                   ;
; probe_width             ; 32              ; Signed Integer                                           ;
; source_width            ; 32              ; Signed Integer                                           ;
; source_initial_value    ;  0              ; String                                                   ;
; enable_metastability    ; NO              ; String                                                   ;
+-------------------------+-----------------+----------------------------------------------------------+
Note: In order to hide this table in the UI and the text report file, please set the "Show Parameter Settings in Synthesis Report" option in "Analysis and Synthesis Settings -> More Settings" to "Off".


+-------------------------------------------------------------------------------------------+
; altsyncram Parameter Settings by Entity Instance                                          ;
+-------------------------------------------+-----------------------------------------------+
; Name                                      ; Value                                         ;
+-------------------------------------------+-----------------------------------------------+
; Number of entity instances                ; 1                                             ;
; Entity Instance                           ; sig_rom:i_rom|altsyncram:altsyncram_component ;
;     -- OPERATION_MODE                     ; ROM                                           ;
;     -- WIDTH_A                            ; 10                                            ;
;     -- NUMWORDS_A                         ; 4096                                          ;
;     -- OUTDATA_REG_A                      ; CLOCK0                                        ;
;     -- WIDTH_B                            ; 1                                             ;
;     -- NUMWORDS_B                         ; 1                                             ;
;     -- ADDRESS_REG_B                      ; CLOCK1                                        ;
;     -- OUTDATA_REG_B                      ; UNREGISTERED                                  ;
;     -- RAM_BLOCK_TYPE                     ; AUTO                                          ;
;     -- READ_DURING_WRITE_MODE_MIXED_PORTS ; DONT_CARE                                     ;
+-------------------------------------------+-----------------------------------------------+


+--------------------------------------------------------------------------------------------------------------------------+
; Port Connectivity Checks: "sondy:i_sondy"                                                                                ;
+----------------+--------+----------+-------------------------------------------------------------------------------------+
; Port           ; Type   ; Severity ; Details                                                                             ;
+----------------+--------+----------+-------------------------------------------------------------------------------------+
; source[31..24] ; Output ; Info     ; Connected to dangling logic. Logic that only feeds a dangling port will be removed. ;
+----------------+--------+----------+-------------------------------------------------------------------------------------+


+------------------------------------------------------------------------------------------------------------------------------------------+
; In-System Memory Content Editor Settings                                                                                                 ;
+----------------+-------------+-------+-------+------------+------------------------------------------------------------------------------+
; Instance Index ; Instance ID ; Width ; Depth ; Mode       ; Hierarchy Location                                                           ;
+----------------+-------------+-------+-------+------------+------------------------------------------------------------------------------+
; 0              ; JTAG        ; 10    ; 4096  ; Read/Write ; sig_rom:i_rom|altsyncram:altsyncram_component|altsyncram_cv91:auto_generated ;
+----------------+-------------+-------+-------+------------+------------------------------------------------------------------------------+


+-------------------------------+
; Elapsed Time Per Partition    ;
+----------------+--------------+
; Partition Name ; Elapsed Time ;
+----------------+--------------+
; Top            ; 00:00:00     ;
+----------------+--------------+


+-------------------------------+
; Analysis & Synthesis Messages ;
+-------------------------------+
Info: *******************************************************************
Info: Running Quartus II 64-Bit Analysis & Synthesis
    Info: Version 13.0.1 Build 232 06/12/2013 Service Pack 1 SJ Web Edition
    Info: Processing started: Mon Feb 24 13:05:15 2020
Info: Command: quartus_map --read_settings_files=on --write_settings_files=off sin_gen -c sin_gen
Warning (20028): Parallel compilation is not licensed and has been disabled
Info (12021): Found 2 design units, including 1 entities, in source file sin_gen.vhd
    Info (12022): Found design unit 1: sin_gen-rtl
    Info (12023): Found entity 1: sin_gen
Info (12021): Found 2 design units, including 1 entities, in source file sig_rom.vhd
    Info (12022): Found design unit 1: sig_rom-SYN
    Info (12023): Found entity 1: sig_rom
Info (12021): Found 2 design units, including 1 entities, in source file sondy.vhd
    Info (12022): Found design unit 1: sondy-SYN
    Info (12023): Found entity 1: sondy
Info (12127): Elaborating entity "sin_gen" for the top level hierarchy
Warning (10036): Verilog HDL or VHDL warning at sin_gen.vhd(45): object "phase" assigned a value but never read
Warning (10541): VHDL Signal Declaration warning at sin_gen.vhd(46): used implicit default value for signal "phase_mod" because signal was never assigned a value or an explicit default value. Use of implicit default value may introduce unintended design optimizations.
Warning (10492): VHDL Process Statement warning at sin_gen.vhd(84): signal "phase_mod" is read inside the Process Statement but isn't in the Process Statement's sensitivity list
Info (12128): Elaborating entity "sig_rom" for hierarchy "sig_rom:i_rom"
Info (12128): Elaborating entity "altsyncram" for hierarchy "sig_rom:i_rom|altsyncram:altsyncram_component"
Info (12130): Elaborated megafunction instantiation "sig_rom:i_rom|altsyncram:altsyncram_component"
Info (12133): Instantiated megafunction "sig_rom:i_rom|altsyncram:altsyncram_component" with the following parameter:
    Info (12134): Parameter "clock_enable_input_a" = "BYPASS"
    Info (12134): Parameter "clock_enable_output_a" = "BYPASS"
    Info (12134): Parameter "init_file" = "sin_gen.mif"
    Info (12134): Parameter "intended_device_family" = "Cyclone II"
    Info (12134): Parameter "lpm_hint" = "ENABLE_RUNTIME_MOD=YES,INSTANCE_NAME=JTAG"
    Info (12134): Parameter "lpm_type" = "altsyncram"
    Info (12134): Parameter "numwords_a" = "4096"
    Info (12134): Parameter "operation_mode" = "ROM"
    Info (12134): Parameter "outdata_aclr_a" = "CLEAR0"
    Info (12134): Parameter "outdata_reg_a" = "CLOCK0"
    Info (12134): Parameter "widthad_a" = "12"
    Info (12134): Parameter "width_a" = "10"
    Info (12134): Parameter "width_byteena_a" = "1"
Info (12021): Found 1 design units, including 1 entities, in source file db/altsyncram_cv91.tdf
    Info (12023): Found entity 1: altsyncram_cv91
Info (12128): Elaborating entity "altsyncram_cv91" for hierarchy "sig_rom:i_rom|altsyncram:altsyncram_component|altsyncram_cv91:auto_generated"
Info (12021): Found 1 design units, including 1 entities, in source file db/altsyncram_0992.tdf
    Info (12023): Found entity 1: altsyncram_0992
Info (12128): Elaborating entity "altsyncram_0992" for hierarchy "sig_rom:i_rom|altsyncram:altsyncram_component|altsyncram_cv91:auto_generated|altsyncram_0992:altsyncram1"
Info (12128): Elaborating entity "sld_mod_ram_rom" for hierarchy "sig_rom:i_rom|altsyncram:altsyncram_component|altsyncram_cv91:auto_generated|sld_mod_ram_rom:mgl_prim2"
Info (12130): Elaborated megafunction instantiation "sig_rom:i_rom|altsyncram:altsyncram_component|altsyncram_cv91:auto_generated|sld_mod_ram_rom:mgl_prim2"
Info (12133): Instantiated megafunction "sig_rom:i_rom|altsyncram:altsyncram_component|altsyncram_cv91:auto_generated|sld_mod_ram_rom:mgl_prim2" with the following parameter:
    Info (12134): Parameter "CVALUE" = "0000000000"
    Info (12134): Parameter "IS_DATA_IN_RAM" = "1"
    Info (12134): Parameter "IS_READABLE" = "1"
    Info (12134): Parameter "NODE_NAME" = "1247035719"
    Info (12134): Parameter "NUMWORDS" = "4096"
    Info (12134): Parameter "SHIFT_COUNT_BITS" = "4"
    Info (12134): Parameter "WIDTH_WORD" = "10"
    Info (12134): Parameter "WIDTHAD" = "12"
Info (12128): Elaborating entity "sld_rom_sr" for hierarchy "sig_rom:i_rom|altsyncram:altsyncram_component|altsyncram_cv91:auto_generated|sld_mod_ram_rom:mgl_prim2|sld_rom_sr:\ram_rom_logic_gen:name_gen:info_rom_sr"
Info (12128): Elaborating entity "sondy" for hierarchy "sondy:i_sondy"
Info (12128): Elaborating entity "altsource_probe" for hierarchy "sondy:i_sondy|altsource_probe:altsource_probe_component"
Info (12130): Elaborated megafunction instantiation "sondy:i_sondy|altsource_probe:altsource_probe_component"
Info (12133): Instantiated megafunction "sondy:i_sondy|altsource_probe:altsource_probe_component" with the following parameter:
    Info (12134): Parameter "enable_metastability" = "NO"
    Info (12134): Parameter "instance_id" = "PRBS"
    Info (12134): Parameter "probe_width" = "32"
    Info (12134): Parameter "sld_auto_instance_index" = "YES"
    Info (12134): Parameter "sld_instance_index" = "0"
    Info (12134): Parameter "source_initial_value" = " 0"
    Info (12134): Parameter "source_width" = "32"
    Info (12134): Parameter "lpm_type" = "altsource_probe"
Info (12128): Elaborating entity "altsource_probe_body" for hierarchy "sondy:i_sondy|altsource_probe:altsource_probe_component|altsource_probe_body:altsource_probe_body_inst"
Info (12128): Elaborating entity "altsource_probe_impl" for hierarchy "sondy:i_sondy|altsource_probe:altsource_probe_component|altsource_probe_body:altsource_probe_body_inst|altsource_probe_impl:\equal_width_gen:equal_width_inst"
Info (12128): Elaborating entity "sld_rom_sr" for hierarchy "sondy:i_sondy|altsource_probe:altsource_probe_component|altsource_probe_body:altsource_probe_body_inst|altsource_probe_impl:\equal_width_gen:equal_width_inst|sld_rom_sr:\instance_id_gen:rom_info_inst"
Warning (13024): Output pins are stuck at VCC or GND
    Warning (13410): Pin "vga_sync" is stuck at GND
    Warning (13410): Pin "vga_blank" is stuck at VCC
Info (16010): Generating hard_block partition "hard_block:auto_generated_inst"
    Info (16011): Adding 0 node(s), including 0 DDIO, 0 PLL, 0 transceiver and 0 LCELL
Info (21057): Implemented 401 device resources after synthesis - the final resource count might be different
    Info (21058): Implemented 5 input pins
    Info (21059): Implemented 14 output pins
    Info (21061): Implemented 371 logic cells
    Info (21064): Implemented 10 RAM segments
Info: Quartus II 64-Bit Analysis & Synthesis was successful. 0 errors, 7 warnings
    Info: Peak virtual memory: 4646 megabytes
    Info: Processing ended: Mon Feb 24 13:05:19 2020
    Info: Elapsed time: 00:00:04
    Info: Total CPU time (on all processors): 00:00:04


