Analysis & Synthesis report for vga_gen
Fri Jan 24 08:37:02 2020
Quartus II 64-Bit Version 13.0.1 Build 232 06/12/2013 Service Pack 1 SJ Web Edition


---------------------
; Table of Contents ;
---------------------
  1. Legal Notice
  2. Analysis & Synthesis Summary
  3. Analysis & Synthesis Settings
  4. Parallel Compilation
  5. Analysis & Synthesis Source Files Read
  6. Analysis & Synthesis Resource Usage Summary
  7. Analysis & Synthesis Resource Utilization by Entity
  8. Analysis & Synthesis RAM Summary
  9. Analysis & Synthesis IP Cores Summary
 10. Registers Removed During Synthesis
 11. General Register Statistics
 12. Inverted Register Statistics
 13. Multiplexer Restructuring Statistics (Restructuring Performed)
 14. Source assignments for picture_generator:picture_generator1|rom:port_map_rom|altsyncram:altsyncram_component|altsyncram_naa1:auto_generated|altsyncram_lk92:altsyncram1
 15. Parameter Settings for User Entity Instance: D_async:dvs1
 16. Parameter Settings for User Entity Instance: D_async:dhs1
 17. Parameter Settings for User Entity Instance: D_async:dvs2
 18. Parameter Settings for User Entity Instance: D_async:dhs2
 19. Parameter Settings for User Entity Instance: D_async:dvs3
 20. Parameter Settings for User Entity Instance: D_async:dhs3
 21. Parameter Settings for User Entity Instance: picture_generator:picture_generator1|rom:port_map_rom|altsyncram:altsyncram_component
 22. Parameter Settings for User Entity Instance: picture_generator:picture_generator1|D_async:dx1
 23. Parameter Settings for User Entity Instance: picture_generator:picture_generator1|D_async:dx2
 24. Parameter Settings for User Entity Instance: picture_generator:picture_generator1|D_async:dy1
 25. Parameter Settings for User Entity Instance: picture_generator:picture_generator1|D_async:dy2
 26. altsyncram Parameter Settings by Entity Instance
 27. Port Connectivity Checks: "T_async:T_async1"
 28. Port Connectivity Checks: "picture_generator:picture_generator1|D_async:dy2"
 29. Port Connectivity Checks: "picture_generator:picture_generator1|D_async:dx2"
 30. In-System Memory Content Editor Settings
 31. Elapsed Time Per Partition
 32. Analysis & Synthesis Messages



----------------
; Legal Notice ;
----------------
Copyright (C) 1991-2013 Altera Corporation
Your use of Altera Corporation's design tools, logic functions 
and other software and tools, and its AMPP partner logic 
functions, and any output files from any of the foregoing 
(including device programming or simulation files), and any 
associated documentation or information are expressly subject 
to the terms and conditions of the Altera Program License 
Subscription Agreement, Altera MegaCore Function License 
Agreement, or other applicable license agreement, including, 
without limitation, that your use is for the sole purpose of 
programming logic devices manufactured by Altera and sold by 
Altera or its authorized distributors.  Please refer to the 
applicable agreement for further details.



+--------------------------------------------------------------------------------------+
; Analysis & Synthesis Summary                                                         ;
+------------------------------------+-------------------------------------------------+
; Analysis & Synthesis Status        ; Successful - Fri Jan 24 08:37:02 2020           ;
; Quartus II 64-Bit Version          ; 13.0.1 Build 232 06/12/2013 SP 1 SJ Web Edition ;
; Revision Name                      ; vga_gen                                         ;
; Top-level Entity Name              ; vga_gen                                         ;
; Family                             ; Cyclone II                                      ;
; Total logic elements               ; 560                                             ;
;     Total combinational functions  ; 464                                             ;
;     Dedicated logic registers      ; 244                                             ;
; Total registers                    ; 244                                             ;
; Total pins                         ; 37                                              ;
; Total virtual pins                 ; 0                                               ;
; Total memory bits                  ; 307,200                                         ;
; Embedded Multiplier 9-bit elements ; 0                                               ;
; Total PLLs                         ; 0                                               ;
+------------------------------------+-------------------------------------------------+


+----------------------------------------------------------------------------------------------------------------------+
; Analysis & Synthesis Settings                                                                                        ;
+----------------------------------------------------------------------------+--------------------+--------------------+
; Option                                                                     ; Setting            ; Default Value      ;
+----------------------------------------------------------------------------+--------------------+--------------------+
; Device                                                                     ; EP2C35F672C6       ;                    ;
; Top-level entity name                                                      ; vga_gen            ; vga_gen            ;
; Family name                                                                ; Cyclone II         ; Cyclone IV GX      ;
; Use smart compilation                                                      ; Off                ; Off                ;
; Enable parallel Assembler and TimeQuest Timing Analyzer during compilation ; On                 ; On                 ;
; Enable compact report table                                                ; Off                ; Off                ;
; Restructure Multiplexers                                                   ; Auto               ; Auto               ;
; Create Debugging Nodes for IP Cores                                        ; Off                ; Off                ;
; Preserve fewer node names                                                  ; On                 ; On                 ;
; Disable OpenCore Plus hardware evaluation                                  ; Off                ; Off                ;
; Verilog Version                                                            ; Verilog_2001       ; Verilog_2001       ;
; VHDL Version                                                               ; VHDL_1993          ; VHDL_1993          ;
; State Machine Processing                                                   ; Auto               ; Auto               ;
; Safe State Machine                                                         ; Off                ; Off                ;
; Extract Verilog State Machines                                             ; On                 ; On                 ;
; Extract VHDL State Machines                                                ; On                 ; On                 ;
; Ignore Verilog initial constructs                                          ; Off                ; Off                ;
; Iteration limit for constant Verilog loops                                 ; 5000               ; 5000               ;
; Iteration limit for non-constant Verilog loops                             ; 250                ; 250                ;
; Add Pass-Through Logic to Inferred RAMs                                    ; On                 ; On                 ;
; Infer RAMs from Raw Logic                                                  ; On                 ; On                 ;
; Parallel Synthesis                                                         ; On                 ; On                 ;
; DSP Block Balancing                                                        ; Auto               ; Auto               ;
; NOT Gate Push-Back                                                         ; On                 ; On                 ;
; Power-Up Don't Care                                                        ; On                 ; On                 ;
; Remove Redundant Logic Cells                                               ; Off                ; Off                ;
; Remove Duplicate Registers                                                 ; On                 ; On                 ;
; Ignore CARRY Buffers                                                       ; Off                ; Off                ;
; Ignore CASCADE Buffers                                                     ; Off                ; Off                ;
; Ignore GLOBAL Buffers                                                      ; Off                ; Off                ;
; Ignore ROW GLOBAL Buffers                                                  ; Off                ; Off                ;
; Ignore LCELL Buffers                                                       ; Off                ; Off                ;
; Ignore SOFT Buffers                                                        ; On                 ; On                 ;
; Limit AHDL Integers to 32 Bits                                             ; Off                ; Off                ;
; Optimization Technique                                                     ; Balanced           ; Balanced           ;
; Carry Chain Length                                                         ; 70                 ; 70                 ;
; Auto Carry Chains                                                          ; On                 ; On                 ;
; Auto Open-Drain Pins                                                       ; On                 ; On                 ;
; Perform WYSIWYG Primitive Resynthesis                                      ; Off                ; Off                ;
; Auto ROM Replacement                                                       ; On                 ; On                 ;
; Auto RAM Replacement                                                       ; On                 ; On                 ;
; Auto Shift Register Replacement                                            ; Auto               ; Auto               ;
; Allow Shift Register Merging across Hierarchies                            ; Auto               ; Auto               ;
; Auto Clock Enable Replacement                                              ; On                 ; On                 ;
; Strict RAM Replacement                                                     ; Off                ; Off                ;
; Allow Synchronous Control Signals                                          ; On                 ; On                 ;
; Force Use of Synchronous Clear Signals                                     ; Off                ; Off                ;
; Auto RAM to Logic Cell Conversion                                          ; Off                ; Off                ;
; Auto Resource Sharing                                                      ; Off                ; Off                ;
; Allow Any RAM Size For Recognition                                         ; Off                ; Off                ;
; Allow Any ROM Size For Recognition                                         ; Off                ; Off                ;
; Allow Any Shift Register Size For Recognition                              ; Off                ; Off                ;
; Use LogicLock Constraints during Resource Balancing                        ; On                 ; On                 ;
; Ignore translate_off and synthesis_off directives                          ; Off                ; Off                ;
; Timing-Driven Synthesis                                                    ; Off                ; Off                ;
; Report Parameter Settings                                                  ; On                 ; On                 ;
; Report Source Assignments                                                  ; On                 ; On                 ;
; Report Connectivity Checks                                                 ; On                 ; On                 ;
; Ignore Maximum Fan-Out Assignments                                         ; Off                ; Off                ;
; Synchronization Register Chain Length                                      ; 2                  ; 2                  ;
; PowerPlay Power Optimization                                               ; Normal compilation ; Normal compilation ;
; HDL message level                                                          ; Level2             ; Level2             ;
; Suppress Register Optimization Related Messages                            ; Off                ; Off                ;
; Number of Removed Registers Reported in Synthesis Report                   ; 5000               ; 5000               ;
; Number of Swept Nodes Reported in Synthesis Report                         ; 5000               ; 5000               ;
; Number of Inverted Registers Reported in Synthesis Report                  ; 100                ; 100                ;
; Clock MUX Protection                                                       ; On                 ; On                 ;
; Auto Gated Clock Conversion                                                ; Off                ; Off                ;
; Block Design Naming                                                        ; Auto               ; Auto               ;
; SDC constraint protection                                                  ; Off                ; Off                ;
; Synthesis Effort                                                           ; Auto               ; Auto               ;
; Shift Register Replacement - Allow Asynchronous Clear Signal               ; On                 ; On                 ;
; Pre-Mapping Resynthesis Optimization                                       ; Off                ; Off                ;
; Analysis & Synthesis Message Level                                         ; Medium             ; Medium             ;
; Disable Register Merging Across Hierarchies                                ; Auto               ; Auto               ;
; Resource Aware Inference For Block RAM                                     ; On                 ; On                 ;
; Synthesis Seed                                                             ; 1                  ; 1                  ;
+----------------------------------------------------------------------------+--------------------+--------------------+


Parallel compilation was disabled, but you have multiple processors available. Enable parallel compilation to reduce compilation time.
+-------------------------------------+
; Parallel Compilation                ;
+----------------------------+--------+
; Processors                 ; Number ;
+----------------------------+--------+
; Number detected on machine ; 8      ;
; Maximum allowed            ; 1      ;
+----------------------------+--------+


+------------------------------------------------------------------------------------------------------------------------------------------------------------------------------------------------------+
; Analysis & Synthesis Source Files Read                                                                                                                                                               ;
+----------------------------------+-----------------+----------------------------------------+----------------------------------------------------------------------------------------------+---------+
; File Name with User-Entered Path ; Used in Netlist ; File Type                              ; File Name with Absolute Path                                                                 ; Library ;
+----------------------------------+-----------------+----------------------------------------+----------------------------------------------------------------------------------------------+---------+
; D_async.vhd                      ; yes             ; User VHDL File                         ; C:/Users/Lapunik/Dropbox/VHDL/Synteza_vga_signal_genrator_semestralka/D_async.vhd            ;         ;
; T_async.vhd                      ; yes             ; User VHDL File                         ; C:/Users/Lapunik/Dropbox/VHDL/Synteza_vga_signal_genrator_semestralka/T_async.vhd            ;         ;
; signal_generator.vhd             ; yes             ; User VHDL File                         ; C:/Users/Lapunik/Dropbox/VHDL/Synteza_vga_signal_genrator_semestralka/signal_generator.vhd   ;         ;
; color_coding.vhd                 ; yes             ; User VHDL File                         ; C:/Users/Lapunik/Dropbox/VHDL/Synteza_vga_signal_genrator_semestralka/color_coding.vhd       ;         ;
; rom.vhd                          ; yes             ; User Wizard-Generated File             ; C:/Users/Lapunik/Dropbox/VHDL/Synteza_vga_signal_genrator_semestralka/rom.vhd                ;         ;
; picture_generator.vhd            ; yes             ; User VHDL File                         ; C:/Users/Lapunik/Dropbox/VHDL/Synteza_vga_signal_genrator_semestralka/picture_generator.vhd  ;         ;
; vga_gen.vhd                      ; yes             ; User VHDL File                         ; C:/Users/Lapunik/Dropbox/VHDL/Synteza_vga_signal_genrator_semestralka/vga_gen.vhd            ;         ;
; altsyncram.tdf                   ; yes             ; Megafunction                           ; d:/program files (x86)/altera/13.0sp1/quartus/libraries/megafunctions/altsyncram.tdf         ;         ;
; stratix_ram_block.inc            ; yes             ; Megafunction                           ; d:/program files (x86)/altera/13.0sp1/quartus/libraries/megafunctions/stratix_ram_block.inc  ;         ;
; lpm_mux.inc                      ; yes             ; Megafunction                           ; d:/program files (x86)/altera/13.0sp1/quartus/libraries/megafunctions/lpm_mux.inc            ;         ;
; lpm_decode.inc                   ; yes             ; Megafunction                           ; d:/program files (x86)/altera/13.0sp1/quartus/libraries/megafunctions/lpm_decode.inc         ;         ;
; aglobal130.inc                   ; yes             ; Megafunction                           ; d:/program files (x86)/altera/13.0sp1/quartus/libraries/megafunctions/aglobal130.inc         ;         ;
; a_rdenreg.inc                    ; yes             ; Megafunction                           ; d:/program files (x86)/altera/13.0sp1/quartus/libraries/megafunctions/a_rdenreg.inc          ;         ;
; altrom.inc                       ; yes             ; Megafunction                           ; d:/program files (x86)/altera/13.0sp1/quartus/libraries/megafunctions/altrom.inc             ;         ;
; altram.inc                       ; yes             ; Megafunction                           ; d:/program files (x86)/altera/13.0sp1/quartus/libraries/megafunctions/altram.inc             ;         ;
; altdpram.inc                     ; yes             ; Megafunction                           ; d:/program files (x86)/altera/13.0sp1/quartus/libraries/megafunctions/altdpram.inc           ;         ;
; db/altsyncram_naa1.tdf           ; yes             ; Auto-Generated Megafunction            ; C:/Users/Lapunik/Dropbox/VHDL/Synteza_vga_signal_genrator_semestralka/db/altsyncram_naa1.tdf ;         ;
; db/altsyncram_lk92.tdf           ; yes             ; Auto-Generated Megafunction            ; C:/Users/Lapunik/Dropbox/VHDL/Synteza_vga_signal_genrator_semestralka/db/altsyncram_lk92.tdf ;         ;
; pictures/cirkus1.mif             ; yes             ; Auto-Found Memory Initialization File  ; C:/Users/Lapunik/Dropbox/VHDL/Synteza_vga_signal_genrator_semestralka/pictures/cirkus1.mif   ;         ;
; db/decode_tpa.tdf                ; yes             ; Auto-Generated Megafunction            ; C:/Users/Lapunik/Dropbox/VHDL/Synteza_vga_signal_genrator_semestralka/db/decode_tpa.tdf      ;         ;
; db/mux_9kb.tdf                   ; yes             ; Auto-Generated Megafunction            ; C:/Users/Lapunik/Dropbox/VHDL/Synteza_vga_signal_genrator_semestralka/db/mux_9kb.tdf         ;         ;
; sld_mod_ram_rom.vhd              ; yes             ; Encrypted Megafunction                 ; d:/program files (x86)/altera/13.0sp1/quartus/libraries/megafunctions/sld_mod_ram_rom.vhd    ;         ;
; sld_rom_sr.vhd                   ; yes             ; Encrypted Megafunction                 ; d:/program files (x86)/altera/13.0sp1/quartus/libraries/megafunctions/sld_rom_sr.vhd         ;         ;
; sld_hub.vhd                      ; yes             ; Encrypted Megafunction                 ; d:/program files (x86)/altera/13.0sp1/quartus/libraries/megafunctions/sld_hub.vhd            ;         ;
; sld_jtag_hub.vhd                 ; yes             ; Encrypted Megafunction                 ; d:/program files (x86)/altera/13.0sp1/quartus/libraries/megafunctions/sld_jtag_hub.vhd       ;         ;
+----------------------------------+-----------------+----------------------------------------+----------------------------------------------------------------------------------------------+---------+


+------------------------------------------------------------------------+
; Analysis & Synthesis Resource Usage Summary                            ;
+---------------------------------------------+--------------------------+
; Resource                                    ; Usage                    ;
+---------------------------------------------+--------------------------+
; Estimated Total logic elements              ; 560                      ;
;                                             ;                          ;
; Total combinational functions               ; 464                      ;
; Logic element usage by number of LUT inputs ;                          ;
;     -- 4 input functions                    ; 262                      ;
;     -- 3 input functions                    ; 67                       ;
;     -- <=2 input functions                  ; 135                      ;
;                                             ;                          ;
; Logic elements by mode                      ;                          ;
;     -- normal mode                          ; 402                      ;
;     -- arithmetic mode                      ; 62                       ;
;                                             ;                          ;
; Total registers                             ; 244                      ;
;     -- Dedicated logic registers            ; 244                      ;
;     -- I/O registers                        ; 0                        ;
;                                             ;                          ;
; I/O pins                                    ; 37                       ;
; Total memory bits                           ; 307200                   ;
; Embedded Multiplier 9-bit elements          ; 0                        ;
; Maximum fan-out node                        ; altera_internal_jtag~TDO ;
; Maximum fan-out                             ; 222                      ;
; Total fan-out                               ; 4678                     ;
; Average fan-out                             ; 5.66                     ;
+---------------------------------------------+--------------------------+


+----------------------------------------------------------------------------------------------------------------------------------------------------------------------------------------------------------------------------------------------------------------------------------------------------------------------------------------------------------------------------------------------------------------+
; Analysis & Synthesis Resource Utilization by Entity                                                                                                                                                                                                                                                                                                                                                            ;
+------------------------------------------------------------------------+-------------------+--------------+-------------+--------------+---------+-----------+------+--------------+------------------------------------------------------------------------------------------------------------------------------------------------------------------------------------------------------------+--------------+
; Compilation Hierarchy Node                                             ; LC Combinationals ; LC Registers ; Memory Bits ; DSP Elements ; DSP 9x9 ; DSP 18x18 ; Pins ; Virtual Pins ; Full Hierarchy Name                                                                                                                                                                                        ; Library Name ;
+------------------------------------------------------------------------+-------------------+--------------+-------------+--------------+---------+-----------+------+--------------+------------------------------------------------------------------------------------------------------------------------------------------------------------------------------------------------------------+--------------+
; |vga_gen                                                               ; 464 (1)           ; 244 (0)      ; 307200      ; 0            ; 0       ; 0         ; 37   ; 0            ; |vga_gen                                                                                                                                                                                                   ; work         ;
;    |D_async:dhs1|                                                      ; 0 (0)             ; 1 (1)        ; 0           ; 0            ; 0       ; 0         ; 0    ; 0            ; |vga_gen|D_async:dhs1                                                                                                                                                                                      ; work         ;
;    |D_async:dhs2|                                                      ; 0 (0)             ; 1 (1)        ; 0           ; 0            ; 0       ; 0         ; 0    ; 0            ; |vga_gen|D_async:dhs2                                                                                                                                                                                      ; work         ;
;    |D_async:dhs3|                                                      ; 0 (0)             ; 1 (1)        ; 0           ; 0            ; 0       ; 0         ; 0    ; 0            ; |vga_gen|D_async:dhs3                                                                                                                                                                                      ; work         ;
;    |D_async:dvs1|                                                      ; 0 (0)             ; 1 (1)        ; 0           ; 0            ; 0       ; 0         ; 0    ; 0            ; |vga_gen|D_async:dvs1                                                                                                                                                                                      ; work         ;
;    |D_async:dvs2|                                                      ; 0 (0)             ; 1 (1)        ; 0           ; 0            ; 0       ; 0         ; 0    ; 0            ; |vga_gen|D_async:dvs2                                                                                                                                                                                      ; work         ;
;    |D_async:dvs3|                                                      ; 0 (0)             ; 1 (1)        ; 0           ; 0            ; 0       ; 0         ; 0    ; 0            ; |vga_gen|D_async:dvs3                                                                                                                                                                                      ; work         ;
;    |T_async:T_async1|                                                  ; 3 (3)             ; 3 (3)        ; 0           ; 0            ; 0       ; 0         ; 0    ; 0            ; |vga_gen|T_async:T_async1                                                                                                                                                                                  ; work         ;
;    |color_coding:color_coding1|                                        ; 9 (9)             ; 31 (31)      ; 0           ; 0            ; 0       ; 0         ; 0    ; 0            ; |vga_gen|color_coding:color_coding1                                                                                                                                                                        ; work         ;
;    |picture_generator:picture_generator1|                              ; 302 (58)          ; 82 (21)      ; 307200      ; 0            ; 0       ; 0         ; 0    ; 0            ; |vga_gen|picture_generator:picture_generator1                                                                                                                                                              ; work         ;
;       |D_async:dx1|                                                    ; 0 (0)             ; 4 (4)        ; 0           ; 0            ; 0       ; 0         ; 0    ; 0            ; |vga_gen|picture_generator:picture_generator1|D_async:dx1                                                                                                                                                  ; work         ;
;       |D_async:dx2|                                                    ; 0 (0)             ; 4 (4)        ; 0           ; 0            ; 0       ; 0         ; 0    ; 0            ; |vga_gen|picture_generator:picture_generator1|D_async:dx2                                                                                                                                                  ; work         ;
;       |rom:port_map_rom|                                               ; 244 (0)           ; 53 (0)       ; 307200      ; 0            ; 0       ; 0         ; 0    ; 0            ; |vga_gen|picture_generator:picture_generator1|rom:port_map_rom                                                                                                                                             ; work         ;
;          |altsyncram:altsyncram_component|                             ; 244 (0)           ; 53 (0)       ; 307200      ; 0            ; 0       ; 0         ; 0    ; 0            ; |vga_gen|picture_generator:picture_generator1|rom:port_map_rom|altsyncram:altsyncram_component                                                                                                             ; work         ;
;             |altsyncram_naa1:auto_generated|                           ; 244 (0)           ; 53 (0)       ; 307200      ; 0            ; 0       ; 0         ; 0    ; 0            ; |vga_gen|picture_generator:picture_generator1|rom:port_map_rom|altsyncram:altsyncram_component|altsyncram_naa1:auto_generated                                                                              ; work         ;
;                |altsyncram_lk92:altsyncram1|                           ; 184 (0)           ; 15 (15)      ; 307200      ; 0            ; 0       ; 0         ; 0    ; 0            ; |vga_gen|picture_generator:picture_generator1|rom:port_map_rom|altsyncram:altsyncram_component|altsyncram_naa1:auto_generated|altsyncram_lk92:altsyncram1                                                  ; work         ;
;                   |decode_tpa:decode5|                                 ; 24 (24)           ; 0 (0)        ; 0           ; 0            ; 0       ; 0         ; 0    ; 0            ; |vga_gen|picture_generator:picture_generator1|rom:port_map_rom|altsyncram:altsyncram_component|altsyncram_naa1:auto_generated|altsyncram_lk92:altsyncram1|decode_tpa:decode5                               ; work         ;
;                   |decode_tpa:decode_a|                                ; 26 (26)           ; 0 (0)        ; 0           ; 0            ; 0       ; 0         ; 0    ; 0            ; |vga_gen|picture_generator:picture_generator1|rom:port_map_rom|altsyncram:altsyncram_component|altsyncram_naa1:auto_generated|altsyncram_lk92:altsyncram1|decode_tpa:decode_a                              ; work         ;
;                   |decode_tpa:decode_b|                                ; 24 (24)           ; 0 (0)        ; 0           ; 0            ; 0       ; 0         ; 0    ; 0            ; |vga_gen|picture_generator:picture_generator1|rom:port_map_rom|altsyncram:altsyncram_component|altsyncram_naa1:auto_generated|altsyncram_lk92:altsyncram1|decode_tpa:decode_b                              ; work         ;
;                   |mux_9kb:mux6|                                       ; 55 (55)           ; 0 (0)        ; 0           ; 0            ; 0       ; 0         ; 0    ; 0            ; |vga_gen|picture_generator:picture_generator1|rom:port_map_rom|altsyncram:altsyncram_component|altsyncram_naa1:auto_generated|altsyncram_lk92:altsyncram1|mux_9kb:mux6                                     ; work         ;
;                   |mux_9kb:mux7|                                       ; 55 (55)           ; 0 (0)        ; 0           ; 0            ; 0       ; 0         ; 0    ; 0            ; |vga_gen|picture_generator:picture_generator1|rom:port_map_rom|altsyncram:altsyncram_component|altsyncram_naa1:auto_generated|altsyncram_lk92:altsyncram1|mux_9kb:mux7                                     ; work         ;
;                |sld_mod_ram_rom:mgl_prim2|                             ; 60 (37)           ; 38 (29)      ; 0           ; 0            ; 0       ; 0         ; 0    ; 0            ; |vga_gen|picture_generator:picture_generator1|rom:port_map_rom|altsyncram:altsyncram_component|altsyncram_naa1:auto_generated|sld_mod_ram_rom:mgl_prim2                                                    ; work         ;
;                   |sld_rom_sr:\ram_rom_logic_gen:name_gen:info_rom_sr| ; 23 (23)           ; 9 (9)        ; 0           ; 0            ; 0       ; 0         ; 0    ; 0            ; |vga_gen|picture_generator:picture_generator1|rom:port_map_rom|altsyncram:altsyncram_component|altsyncram_naa1:auto_generated|sld_mod_ram_rom:mgl_prim2|sld_rom_sr:\ram_rom_logic_gen:name_gen:info_rom_sr ; work         ;
;    |signal_generator:signal_generator1|                                ; 37 (37)           ; 42 (42)      ; 0           ; 0            ; 0       ; 0         ; 0    ; 0            ; |vga_gen|signal_generator:signal_generator1                                                                                                                                                                ; work         ;
;    |sld_hub:auto_hub|                                                  ; 112 (1)           ; 80 (0)       ; 0           ; 0            ; 0       ; 0         ; 0    ; 0            ; |vga_gen|sld_hub:auto_hub                                                                                                                                                                                  ; work         ;
;       |sld_jtag_hub:\jtag_hub_gen:sld_jtag_hub_inst|                   ; 111 (74)          ; 80 (52)      ; 0           ; 0            ; 0       ; 0         ; 0    ; 0            ; |vga_gen|sld_hub:auto_hub|sld_jtag_hub:\jtag_hub_gen:sld_jtag_hub_inst                                                                                                                                     ; work         ;
;          |sld_rom_sr:hub_info_reg|                                     ; 20 (20)           ; 9 (9)        ; 0           ; 0            ; 0       ; 0         ; 0    ; 0            ; |vga_gen|sld_hub:auto_hub|sld_jtag_hub:\jtag_hub_gen:sld_jtag_hub_inst|sld_rom_sr:hub_info_reg                                                                                                             ; work         ;
;          |sld_shadow_jsm:shadow_jsm|                                   ; 17 (17)           ; 19 (19)      ; 0           ; 0            ; 0       ; 0         ; 0    ; 0            ; |vga_gen|sld_hub:auto_hub|sld_jtag_hub:\jtag_hub_gen:sld_jtag_hub_inst|sld_shadow_jsm:shadow_jsm                                                                                                           ; work         ;
+------------------------------------------------------------------------+-------------------+--------------+-------------+--------------+---------+-----------+------+--------------+------------------------------------------------------------------------------------------------------------------------------------------------------------------------------------------------------------+--------------+
Note: For table entries with two numbers listed, the numbers in parentheses indicate the number of resources of the given type used by the specific entity alone. The numbers listed outside of parentheses indicate the total resources of the given type used by the specific entity and all of its sub-entities in the hierarchy.


+-----------------------------------------------------------------------------------------------------------------------------------------------------------------------------------------------------------------------------------------------------------------------------------+
; Analysis & Synthesis RAM Summary                                                                                                                                                                                                                                                  ;
+-------------------------------------------------------------------------------------------------------------------------------------------------------------+------+----------------+--------------+--------------+--------------+--------------+--------+------------------------+
; Name                                                                                                                                                        ; Type ; Mode           ; Port A Depth ; Port A Width ; Port B Depth ; Port B Width ; Size   ; MIF                    ;
+-------------------------------------------------------------------------------------------------------------------------------------------------------------+------+----------------+--------------+--------------+--------------+--------------+--------+------------------------+
; picture_generator:picture_generator1|rom:port_map_rom|altsyncram:altsyncram_component|altsyncram_naa1:auto_generated|altsyncram_lk92:altsyncram1|ALTSYNCRAM ; AUTO ; True Dual Port ; 76800        ; 4            ; 76800        ; 4            ; 307200 ; ./Pictures/cirkus1.mif ;
+-------------------------------------------------------------------------------------------------------------------------------------------------------------+------+----------------+--------------+--------------+--------------+--------------+--------+------------------------+


+----------------------------------------------------------------------------------------------------------------------------------------------------------------------------------------------------------------+
; Analysis & Synthesis IP Cores Summary                                                                                                                                                                          ;
+--------+--------------+---------+--------------+--------------+----------------------------------------------------------------+-------------------------------------------------------------------------------+
; Vendor ; IP Core Name ; Version ; Release Date ; License Type ; Entity Instance                                                ; IP Include File                                                               ;
+--------+--------------+---------+--------------+--------------+----------------------------------------------------------------+-------------------------------------------------------------------------------+
; Altera ; ROM: 1-PORT  ; 13.0    ; N/A          ; N/A          ; |vga_gen|picture_generator:picture_generator1|rom:port_map_rom ; C:/Users/Lapunik/Dropbox/VHDL/Synteza_vga_signal_genrator_semestralka/rom.vhd ;
+--------+--------------+---------+--------------+--------------+----------------------------------------------------------------+-------------------------------------------------------------------------------+


+------------------------------------------------------------------------------------------------------------------------------------------------------------------------------------------------------------------------+
; Registers Removed During Synthesis                                                                                                                                                                                     ;
+-------------------------------------------------------------------------------------------------------------------------------------------------------------------------------+----------------------------------------+
; Register name                                                                                                                                                                 ; Reason for Removal                     ;
+-------------------------------------------------------------------------------------------------------------------------------------------------------------------------------+----------------------------------------+
; picture_generator:picture_generator1|rom:port_map_rom|altsyncram:altsyncram_component|altsyncram_naa1:auto_generated|sld_mod_ram_rom:mgl_prim2|ram_rom_data_shift_cntr_reg[2] ; Stuck at GND due to stuck port data_in ;
; Total Number of Removed Registers = 1                                                                                                                                         ;                                        ;
+-------------------------------------------------------------------------------------------------------------------------------------------------------------------------------+----------------------------------------+


+------------------------------------------------------+
; General Register Statistics                          ;
+----------------------------------------------+-------+
; Statistic                                    ; Value ;
+----------------------------------------------+-------+
; Total registers                              ; 244   ;
; Number of registers using Synchronous Clear  ; 38    ;
; Number of registers using Synchronous Load   ; 37    ;
; Number of registers using Asynchronous Clear ; 159   ;
; Number of registers using Asynchronous Load  ; 0     ;
; Number of registers using Clock Enable       ; 120   ;
; Number of registers using Preset             ; 0     ;
+----------------------------------------------+-------+


+----------------------------------------------------------------------------------------+
; Inverted Register Statistics                                                           ;
+------------------------------------------------------------------------------+---------+
; Inverted Register                                                            ; Fan out ;
+------------------------------------------------------------------------------+---------+
; T_async:T_async1|signal_Q_non                                                ; 2       ;
; sld_hub:auto_hub|sld_jtag_hub:\jtag_hub_gen:sld_jtag_hub_inst|tdo            ; 1       ;
; sld_hub:auto_hub|sld_jtag_hub:\jtag_hub_gen:sld_jtag_hub_inst|jtag_ir_reg[2] ; 2       ;
; sld_hub:auto_hub|sld_jtag_hub:\jtag_hub_gen:sld_jtag_hub_inst|jtag_ir_reg[1] ; 3       ;
; Total number of inverted registers = 4                                       ;         ;
+------------------------------------------------------------------------------+---------+


+------------------------------------------------------------------------------------------------------------------------------------------------------------------------------------------------------------------------------------------------------------------------------------------------------------------------------------------+
; Multiplexer Restructuring Statistics (Restructuring Performed)                                                                                                                                                                                                                                                                           ;
+--------------------+-----------+---------------+----------------------+------------------------+------------+----------------------------------------------------------------------------------------------------------------------------------------------------------------------------------------------------------------------------+
; Multiplexer Inputs ; Bus Width ; Baseline Area ; Area if Restructured ; Saving if Restructured ; Registered ; Example Multiplexer Output                                                                                                                                                                                                 ;
+--------------------+-----------+---------------+----------------------+------------------------+------------+----------------------------------------------------------------------------------------------------------------------------------------------------------------------------------------------------------------------------+
; 3:1                ; 3 bits    ; 6 LEs         ; 3 LEs                ; 3 LEs                  ; Yes        ; |vga_gen|picture_generator:picture_generator1|rom:port_map_rom|altsyncram:altsyncram_component|altsyncram_naa1:auto_generated|sld_mod_ram_rom:mgl_prim2|ram_rom_data_shift_cntr_reg[2]                                     ;
; 3:1                ; 17 bits   ; 34 LEs        ; 17 LEs               ; 17 LEs                 ; Yes        ; |vga_gen|picture_generator:picture_generator1|rom:port_map_rom|altsyncram:altsyncram_component|altsyncram_naa1:auto_generated|sld_mod_ram_rom:mgl_prim2|ram_rom_addr_reg[14]                                               ;
; 4:1                ; 4 bits    ; 8 LEs         ; 8 LEs                ; 0 LEs                  ; Yes        ; |vga_gen|picture_generator:picture_generator1|rom:port_map_rom|altsyncram:altsyncram_component|altsyncram_naa1:auto_generated|sld_mod_ram_rom:mgl_prim2|ram_rom_data_reg[0]                                                ;
; 4:1                ; 17 bits   ; 34 LEs        ; 17 LEs               ; 17 LEs                 ; Yes        ; |vga_gen|picture_generator:picture_generator1|signal_adress[4]                                                                                                                                                             ;
; 5:1                ; 4 bits    ; 12 LEs        ; 8 LEs                ; 4 LEs                  ; Yes        ; |vga_gen|picture_generator:picture_generator1|output_COLOR[2]                                                                                                                                                              ;
; 5:1                ; 5 bits    ; 15 LEs        ; 5 LEs                ; 10 LEs                 ; Yes        ; |vga_gen|picture_generator:picture_generator1|rom:port_map_rom|altsyncram:altsyncram_component|altsyncram_naa1:auto_generated|sld_mod_ram_rom:mgl_prim2|sld_rom_sr:\ram_rom_logic_gen:name_gen:info_rom_sr|word_counter[1] ;
; 24:1               ; 4 bits    ; 64 LEs        ; 56 LEs               ; 8 LEs                  ; Yes        ; |vga_gen|picture_generator:picture_generator1|rom:port_map_rom|altsyncram:altsyncram_component|altsyncram_naa1:auto_generated|sld_mod_ram_rom:mgl_prim2|sld_rom_sr:\ram_rom_logic_gen:name_gen:info_rom_sr|WORD_SR[0]      ;
; 3:1                ; 4 bits    ; 8 LEs         ; 4 LEs                ; 4 LEs                  ; Yes        ; |vga_gen|sld_hub:auto_hub|sld_jtag_hub:\jtag_hub_gen:sld_jtag_hub_inst|hub_minor_ver_reg[0]                                                                                                                                ;
; 4:1                ; 5 bits    ; 10 LEs        ; 5 LEs                ; 5 LEs                  ; Yes        ; |vga_gen|sld_hub:auto_hub|sld_jtag_hub:\jtag_hub_gen:sld_jtag_hub_inst|mixer_addr_reg[4]                                                                                                                                   ;
; 5:1                ; 5 bits    ; 15 LEs        ; 5 LEs                ; 10 LEs                 ; Yes        ; |vga_gen|sld_hub:auto_hub|sld_jtag_hub:\jtag_hub_gen:sld_jtag_hub_inst|sld_rom_sr:hub_info_reg|word_counter[1]                                                                                                             ;
; 6:1                ; 4 bits    ; 16 LEs        ; 4 LEs                ; 12 LEs                 ; Yes        ; |vga_gen|sld_hub:auto_hub|sld_jtag_hub:\jtag_hub_gen:sld_jtag_hub_inst|irsr_reg[2]                                                                                                                                         ;
; 34:1               ; 4 bits    ; 88 LEs        ; 60 LEs               ; 28 LEs                 ; Yes        ; |vga_gen|sld_hub:auto_hub|sld_jtag_hub:\jtag_hub_gen:sld_jtag_hub_inst|design_hash_reg[3]                                                                                                                                  ;
; 20:1               ; 4 bits    ; 52 LEs        ; 32 LEs               ; 20 LEs                 ; Yes        ; |vga_gen|sld_hub:auto_hub|sld_jtag_hub:\jtag_hub_gen:sld_jtag_hub_inst|sld_rom_sr:hub_info_reg|WORD_SR[1]                                                                                                                  ;
+--------------------+-----------+---------------+----------------------+------------------------+------------+----------------------------------------------------------------------------------------------------------------------------------------------------------------------------------------------------------------------------+


+-------------------------------------------------------------------------------------------------------------------------------------------------------------------------+
; Source assignments for picture_generator:picture_generator1|rom:port_map_rom|altsyncram:altsyncram_component|altsyncram_naa1:auto_generated|altsyncram_lk92:altsyncram1 ;
+---------------------------------+--------------------+------+-----------------------------------------------------------------------------------------------------------+
; Assignment                      ; Value              ; From ; To                                                                                                        ;
+---------------------------------+--------------------+------+-----------------------------------------------------------------------------------------------------------+
; OPTIMIZE_POWER_DURING_SYNTHESIS ; NORMAL_COMPILATION ; -    ; -                                                                                                         ;
+---------------------------------+--------------------+------+-----------------------------------------------------------------------------------------------------------+


+-----------------------------------------------------------+
; Parameter Settings for User Entity Instance: D_async:dvs1 ;
+----------------+-------+----------------------------------+
; Parameter Name ; Value ; Type                             ;
+----------------+-------+----------------------------------+
; bits           ; 1     ; Signed Integer                   ;
+----------------+-------+----------------------------------+
Note: In order to hide this table in the UI and the text report file, please set the "Show Parameter Settings in Synthesis Report" option in "Analysis and Synthesis Settings -> More Settings" to "Off".


+-----------------------------------------------------------+
; Parameter Settings for User Entity Instance: D_async:dhs1 ;
+----------------+-------+----------------------------------+
; Parameter Name ; Value ; Type                             ;
+----------------+-------+----------------------------------+
; bits           ; 1     ; Signed Integer                   ;
+----------------+-------+----------------------------------+
Note: In order to hide this table in the UI and the text report file, please set the "Show Parameter Settings in Synthesis Report" option in "Analysis and Synthesis Settings -> More Settings" to "Off".


+-----------------------------------------------------------+
; Parameter Settings for User Entity Instance: D_async:dvs2 ;
+----------------+-------+----------------------------------+
; Parameter Name ; Value ; Type                             ;
+----------------+-------+----------------------------------+
; bits           ; 1     ; Signed Integer                   ;
+----------------+-------+----------------------------------+
Note: In order to hide this table in the UI and the text report file, please set the "Show Parameter Settings in Synthesis Report" option in "Analysis and Synthesis Settings -> More Settings" to "Off".


+-----------------------------------------------------------+
; Parameter Settings for User Entity Instance: D_async:dhs2 ;
+----------------+-------+----------------------------------+
; Parameter Name ; Value ; Type                             ;
+----------------+-------+----------------------------------+
; bits           ; 1     ; Signed Integer                   ;
+----------------+-------+----------------------------------+
Note: In order to hide this table in the UI and the text report file, please set the "Show Parameter Settings in Synthesis Report" option in "Analysis and Synthesis Settings -> More Settings" to "Off".


+-----------------------------------------------------------+
; Parameter Settings for User Entity Instance: D_async:dvs3 ;
+----------------+-------+----------------------------------+
; Parameter Name ; Value ; Type                             ;
+----------------+-------+----------------------------------+
; bits           ; 1     ; Signed Integer                   ;
+----------------+-------+----------------------------------+
Note: In order to hide this table in the UI and the text report file, please set the "Show Parameter Settings in Synthesis Report" option in "Analysis and Synthesis Settings -> More Settings" to "Off".


+-----------------------------------------------------------+
; Parameter Settings for User Entity Instance: D_async:dhs3 ;
+----------------+-------+----------------------------------+
; Parameter Name ; Value ; Type                             ;
+----------------+-------+----------------------------------+
; bits           ; 1     ; Signed Integer                   ;
+----------------+-------+----------------------------------+
Note: In order to hide this table in the UI and the text report file, please set the "Show Parameter Settings in Synthesis Report" option in "Analysis and Synthesis Settings -> More Settings" to "Off".


+------------------------------------------------------------------------------------------------------------------------------------+
; Parameter Settings for User Entity Instance: picture_generator:picture_generator1|rom:port_map_rom|altsyncram:altsyncram_component ;
+------------------------------------+------------------------+----------------------------------------------------------------------+
; Parameter Name                     ; Value                  ; Type                                                                 ;
+------------------------------------+------------------------+----------------------------------------------------------------------+
; BYTE_SIZE_BLOCK                    ; 8                      ; Untyped                                                              ;
; AUTO_CARRY_CHAINS                  ; ON                     ; AUTO_CARRY                                                           ;
; IGNORE_CARRY_BUFFERS               ; OFF                    ; IGNORE_CARRY                                                         ;
; AUTO_CASCADE_CHAINS                ; ON                     ; AUTO_CASCADE                                                         ;
; IGNORE_CASCADE_BUFFERS             ; OFF                    ; IGNORE_CASCADE                                                       ;
; WIDTH_BYTEENA                      ; 1                      ; Untyped                                                              ;
; OPERATION_MODE                     ; ROM                    ; Untyped                                                              ;
; WIDTH_A                            ; 4                      ; Signed Integer                                                       ;
; WIDTHAD_A                          ; 17                     ; Signed Integer                                                       ;
; NUMWORDS_A                         ; 76800                  ; Signed Integer                                                       ;
; OUTDATA_REG_A                      ; CLOCK0                 ; Untyped                                                              ;
; ADDRESS_ACLR_A                     ; NONE                   ; Untyped                                                              ;
; OUTDATA_ACLR_A                     ; NONE                   ; Untyped                                                              ;
; WRCONTROL_ACLR_A                   ; NONE                   ; Untyped                                                              ;
; INDATA_ACLR_A                      ; NONE                   ; Untyped                                                              ;
; BYTEENA_ACLR_A                     ; NONE                   ; Untyped                                                              ;
; WIDTH_B                            ; 1                      ; Untyped                                                              ;
; WIDTHAD_B                          ; 1                      ; Untyped                                                              ;
; NUMWORDS_B                         ; 1                      ; Untyped                                                              ;
; INDATA_REG_B                       ; CLOCK1                 ; Untyped                                                              ;
; WRCONTROL_WRADDRESS_REG_B          ; CLOCK1                 ; Untyped                                                              ;
; RDCONTROL_REG_B                    ; CLOCK1                 ; Untyped                                                              ;
; ADDRESS_REG_B                      ; CLOCK1                 ; Untyped                                                              ;
; OUTDATA_REG_B                      ; UNREGISTERED           ; Untyped                                                              ;
; BYTEENA_REG_B                      ; CLOCK1                 ; Untyped                                                              ;
; INDATA_ACLR_B                      ; NONE                   ; Untyped                                                              ;
; WRCONTROL_ACLR_B                   ; NONE                   ; Untyped                                                              ;
; ADDRESS_ACLR_B                     ; NONE                   ; Untyped                                                              ;
; OUTDATA_ACLR_B                     ; NONE                   ; Untyped                                                              ;
; RDCONTROL_ACLR_B                   ; NONE                   ; Untyped                                                              ;
; BYTEENA_ACLR_B                     ; NONE                   ; Untyped                                                              ;
; WIDTH_BYTEENA_A                    ; 1                      ; Signed Integer                                                       ;
; WIDTH_BYTEENA_B                    ; 1                      ; Untyped                                                              ;
; RAM_BLOCK_TYPE                     ; AUTO                   ; Untyped                                                              ;
; BYTE_SIZE                          ; 8                      ; Untyped                                                              ;
; READ_DURING_WRITE_MODE_MIXED_PORTS ; DONT_CARE              ; Untyped                                                              ;
; READ_DURING_WRITE_MODE_PORT_A      ; NEW_DATA_NO_NBE_READ   ; Untyped                                                              ;
; READ_DURING_WRITE_MODE_PORT_B      ; NEW_DATA_NO_NBE_READ   ; Untyped                                                              ;
; INIT_FILE                          ; ./Pictures/cirkus1.mif ; Untyped                                                              ;
; INIT_FILE_LAYOUT                   ; PORT_A                 ; Untyped                                                              ;
; MAXIMUM_DEPTH                      ; 0                      ; Untyped                                                              ;
; CLOCK_ENABLE_INPUT_A               ; BYPASS                 ; Untyped                                                              ;
; CLOCK_ENABLE_INPUT_B               ; NORMAL                 ; Untyped                                                              ;
; CLOCK_ENABLE_OUTPUT_A              ; BYPASS                 ; Untyped                                                              ;
; CLOCK_ENABLE_OUTPUT_B              ; NORMAL                 ; Untyped                                                              ;
; CLOCK_ENABLE_CORE_A                ; USE_INPUT_CLKEN        ; Untyped                                                              ;
; CLOCK_ENABLE_CORE_B                ; USE_INPUT_CLKEN        ; Untyped                                                              ;
; ENABLE_ECC                         ; FALSE                  ; Untyped                                                              ;
; ECC_PIPELINE_STAGE_ENABLED         ; FALSE                  ; Untyped                                                              ;
; WIDTH_ECCSTATUS                    ; 3                      ; Untyped                                                              ;
; DEVICE_FAMILY                      ; Cyclone II             ; Untyped                                                              ;
; CBXI_PARAMETER                     ; altsyncram_naa1        ; Untyped                                                              ;
+------------------------------------+------------------------+----------------------------------------------------------------------+
Note: In order to hide this table in the UI and the text report file, please set the "Show Parameter Settings in Synthesis Report" option in "Analysis and Synthesis Settings -> More Settings" to "Off".


+-----------------------------------------------------------------------------------------------+
; Parameter Settings for User Entity Instance: picture_generator:picture_generator1|D_async:dx1 ;
+----------------+-------+----------------------------------------------------------------------+
; Parameter Name ; Value ; Type                                                                 ;
+----------------+-------+----------------------------------------------------------------------+
; bits           ; 10    ; Signed Integer                                                       ;
+----------------+-------+----------------------------------------------------------------------+
Note: In order to hide this table in the UI and the text report file, please set the "Show Parameter Settings in Synthesis Report" option in "Analysis and Synthesis Settings -> More Settings" to "Off".


+-----------------------------------------------------------------------------------------------+
; Parameter Settings for User Entity Instance: picture_generator:picture_generator1|D_async:dx2 ;
+----------------+-------+----------------------------------------------------------------------+
; Parameter Name ; Value ; Type                                                                 ;
+----------------+-------+----------------------------------------------------------------------+
; bits           ; 10    ; Signed Integer                                                       ;
+----------------+-------+----------------------------------------------------------------------+
Note: In order to hide this table in the UI and the text report file, please set the "Show Parameter Settings in Synthesis Report" option in "Analysis and Synthesis Settings -> More Settings" to "Off".


+-----------------------------------------------------------------------------------------------+
; Parameter Settings for User Entity Instance: picture_generator:picture_generator1|D_async:dy1 ;
+----------------+-------+----------------------------------------------------------------------+
; Parameter Name ; Value ; Type                                                                 ;
+----------------+-------+----------------------------------------------------------------------+
; bits           ; 10    ; Signed Integer                                                       ;
+----------------+-------+----------------------------------------------------------------------+
Note: In order to hide this table in the UI and the text report file, please set the "Show Parameter Settings in Synthesis Report" option in "Analysis and Synthesis Settings -> More Settings" to "Off".


+-----------------------------------------------------------------------------------------------+
; Parameter Settings for User Entity Instance: picture_generator:picture_generator1|D_async:dy2 ;
+----------------+-------+----------------------------------------------------------------------+
; Parameter Name ; Value ; Type                                                                 ;
+----------------+-------+----------------------------------------------------------------------+
; bits           ; 10    ; Signed Integer                                                       ;
+----------------+-------+----------------------------------------------------------------------+
Note: In order to hide this table in the UI and the text report file, please set the "Show Parameter Settings in Synthesis Report" option in "Analysis and Synthesis Settings -> More Settings" to "Off".


+-----------------------------------------------------------------------------------------------------------------------------------+
; altsyncram Parameter Settings by Entity Instance                                                                                  ;
+-------------------------------------------+---------------------------------------------------------------------------------------+
; Name                                      ; Value                                                                                 ;
+-------------------------------------------+---------------------------------------------------------------------------------------+
; Number of entity instances                ; 1                                                                                     ;
; Entity Instance                           ; picture_generator:picture_generator1|rom:port_map_rom|altsyncram:altsyncram_component ;
;     -- OPERATION_MODE                     ; ROM                                                                                   ;
;     -- WIDTH_A                            ; 4                                                                                     ;
;     -- NUMWORDS_A                         ; 76800                                                                                 ;
;     -- OUTDATA_REG_A                      ; CLOCK0                                                                                ;
;     -- WIDTH_B                            ; 1                                                                                     ;
;     -- NUMWORDS_B                         ; 1                                                                                     ;
;     -- ADDRESS_REG_B                      ; CLOCK1                                                                                ;
;     -- OUTDATA_REG_B                      ; UNREGISTERED                                                                          ;
;     -- RAM_BLOCK_TYPE                     ; AUTO                                                                                  ;
;     -- READ_DURING_WRITE_MODE_MIXED_PORTS ; DONT_CARE                                                                             ;
+-------------------------------------------+---------------------------------------------------------------------------------------+


+------------------------------------------------------------------------------------------------------------------------+
; Port Connectivity Checks: "T_async:T_async1"                                                                           ;
+--------------+--------+----------+-------------------------------------------------------------------------------------+
; Port         ; Type   ; Severity ; Details                                                                             ;
+--------------+--------+----------+-------------------------------------------------------------------------------------+
; output_q_non ; Output ; Info     ; Connected to dangling logic. Logic that only feeds a dangling port will be removed. ;
+--------------+--------+----------+-------------------------------------------------------------------------------------+


+--------------------------------------------------------------------------------------------------------------------+
; Port Connectivity Checks: "picture_generator:picture_generator1|D_async:dy2"                                       ;
+----------+--------+----------+-------------------------------------------------------------------------------------+
; Port     ; Type   ; Severity ; Details                                                                             ;
+----------+--------+----------+-------------------------------------------------------------------------------------+
; output_q ; Output ; Info     ; Connected to dangling logic. Logic that only feeds a dangling port will be removed. ;
+----------+--------+----------+-------------------------------------------------------------------------------------+


+--------------------------------------------------------------------------------------------------------------------------+
; Port Connectivity Checks: "picture_generator:picture_generator1|D_async:dx2"                                             ;
+----------------+--------+----------+-------------------------------------------------------------------------------------+
; Port           ; Type   ; Severity ; Details                                                                             ;
+----------------+--------+----------+-------------------------------------------------------------------------------------+
; output_q[9..8] ; Output ; Info     ; Connected to dangling logic. Logic that only feeds a dangling port will be removed. ;
; output_q[3..0] ; Output ; Info     ; Connected to dangling logic. Logic that only feeds a dangling port will be removed. ;
+----------------+--------+----------+-------------------------------------------------------------------------------------+


+----------------------------------------------------------------------------------------------------------------------------------------------------------------------------------+
; In-System Memory Content Editor Settings                                                                                                                                         ;
+----------------+-------------+-------+-------+------------+----------------------------------------------------------------------------------------------------------------------+
; Instance Index ; Instance ID ; Width ; Depth ; Mode       ; Hierarchy Location                                                                                                   ;
+----------------+-------------+-------+-------+------------+----------------------------------------------------------------------------------------------------------------------+
; 0              ; JTAG        ; 4     ; 76800 ; Read/Write ; picture_generator:picture_generator1|rom:port_map_rom|altsyncram:altsyncram_component|altsyncram_naa1:auto_generated ;
+----------------+-------------+-------+-------+------------+----------------------------------------------------------------------------------------------------------------------+


+---------------------------------+
; Elapsed Time Per Partition      ;
+------------------+--------------+
; Partition Name   ; Elapsed Time ;
+------------------+--------------+
; Top              ; 00:00:02     ;
; sld_hub:auto_hub ; 00:00:00     ;
+------------------+--------------+


+-------------------------------+
; Analysis & Synthesis Messages ;
+-------------------------------+
Info: *******************************************************************
Info: Running Quartus II 64-Bit Analysis & Synthesis
    Info: Version 13.0.1 Build 232 06/12/2013 Service Pack 1 SJ Web Edition
    Info: Processing started: Fri Jan 24 08:36:55 2020
Info: Command: quartus_map --read_settings_files=on --write_settings_files=off vga_gen -c vga_gen
Warning (20028): Parallel compilation is not licensed and has been disabled
Info (12021): Found 2 design units, including 1 entities, in source file d_async.vhd
    Info (12022): Found design unit 1: D_async-rtl
    Info (12023): Found entity 1: D_async
Info (12021): Found 2 design units, including 1 entities, in source file t_async.vhd
    Info (12022): Found design unit 1: T_async-rtl
    Info (12023): Found entity 1: T_async
Info (12021): Found 2 design units, including 1 entities, in source file signal_generator.vhd
    Info (12022): Found design unit 1: signal_generator-rtl
    Info (12023): Found entity 1: signal_generator
Info (12021): Found 2 design units, including 1 entities, in source file color_coding.vhd
    Info (12022): Found design unit 1: color_coding-rtl
    Info (12023): Found entity 1: color_coding
Info (12021): Found 2 design units, including 1 entities, in source file rom.vhd
    Info (12022): Found design unit 1: rom-SYN
    Info (12023): Found entity 1: rom
Info (12021): Found 2 design units, including 1 entities, in source file picture_generator.vhd
    Info (12022): Found design unit 1: picture_generator-rtl
    Info (12023): Found entity 1: picture_generator
Info (12021): Found 2 design units, including 1 entities, in source file vga_gen.vhd
    Info (12022): Found design unit 1: vga_gen-rtl
    Info (12023): Found entity 1: vga_gen
Info (12127): Elaborating entity "vga_gen" for the top level hierarchy
Info (12128): Elaborating entity "D_async" for hierarchy "D_async:dvs1"
Info (12128): Elaborating entity "signal_generator" for hierarchy "signal_generator:signal_generator1"
Info (12128): Elaborating entity "picture_generator" for hierarchy "picture_generator:picture_generator1"
Warning (10036): Verilog HDL or VHDL warning at picture_generator.vhd(49): object "signal_y2" assigned a value but never read
Info (12128): Elaborating entity "rom" for hierarchy "picture_generator:picture_generator1|rom:port_map_rom"
Info (12128): Elaborating entity "altsyncram" for hierarchy "picture_generator:picture_generator1|rom:port_map_rom|altsyncram:altsyncram_component"
Info (12130): Elaborated megafunction instantiation "picture_generator:picture_generator1|rom:port_map_rom|altsyncram:altsyncram_component"
Info (12133): Instantiated megafunction "picture_generator:picture_generator1|rom:port_map_rom|altsyncram:altsyncram_component" with the following parameter:
    Info (12134): Parameter "clock_enable_input_a" = "BYPASS"
    Info (12134): Parameter "clock_enable_output_a" = "BYPASS"
    Info (12134): Parameter "init_file" = "./Pictures/cirkus1.mif"
    Info (12134): Parameter "intended_device_family" = "Cyclone II"
    Info (12134): Parameter "lpm_hint" = "ENABLE_RUNTIME_MOD=YES,INSTANCE_NAME=JTAG"
    Info (12134): Parameter "lpm_type" = "altsyncram"
    Info (12134): Parameter "numwords_a" = "76800"
    Info (12134): Parameter "operation_mode" = "ROM"
    Info (12134): Parameter "outdata_aclr_a" = "NONE"
    Info (12134): Parameter "outdata_reg_a" = "CLOCK0"
    Info (12134): Parameter "widthad_a" = "17"
    Info (12134): Parameter "width_a" = "4"
    Info (12134): Parameter "width_byteena_a" = "1"
Info (12021): Found 1 design units, including 1 entities, in source file db/altsyncram_naa1.tdf
    Info (12023): Found entity 1: altsyncram_naa1
Info (12128): Elaborating entity "altsyncram_naa1" for hierarchy "picture_generator:picture_generator1|rom:port_map_rom|altsyncram:altsyncram_component|altsyncram_naa1:auto_generated"
Info (12021): Found 1 design units, including 1 entities, in source file db/altsyncram_lk92.tdf
    Info (12023): Found entity 1: altsyncram_lk92
Info (12128): Elaborating entity "altsyncram_lk92" for hierarchy "picture_generator:picture_generator1|rom:port_map_rom|altsyncram:altsyncram_component|altsyncram_naa1:auto_generated|altsyncram_lk92:altsyncram1"
Info (12021): Found 1 design units, including 1 entities, in source file db/decode_tpa.tdf
    Info (12023): Found entity 1: decode_tpa
Info (12128): Elaborating entity "decode_tpa" for hierarchy "picture_generator:picture_generator1|rom:port_map_rom|altsyncram:altsyncram_component|altsyncram_naa1:auto_generated|altsyncram_lk92:altsyncram1|decode_tpa:decode4"
Info (12128): Elaborating entity "decode_tpa" for hierarchy "picture_generator:picture_generator1|rom:port_map_rom|altsyncram:altsyncram_component|altsyncram_naa1:auto_generated|altsyncram_lk92:altsyncram1|decode_tpa:decode_a"
Info (12021): Found 1 design units, including 1 entities, in source file db/mux_9kb.tdf
    Info (12023): Found entity 1: mux_9kb
Info (12128): Elaborating entity "mux_9kb" for hierarchy "picture_generator:picture_generator1|rom:port_map_rom|altsyncram:altsyncram_component|altsyncram_naa1:auto_generated|altsyncram_lk92:altsyncram1|mux_9kb:mux6"
Info (12128): Elaborating entity "sld_mod_ram_rom" for hierarchy "picture_generator:picture_generator1|rom:port_map_rom|altsyncram:altsyncram_component|altsyncram_naa1:auto_generated|sld_mod_ram_rom:mgl_prim2"
Info (12130): Elaborated megafunction instantiation "picture_generator:picture_generator1|rom:port_map_rom|altsyncram:altsyncram_component|altsyncram_naa1:auto_generated|sld_mod_ram_rom:mgl_prim2"
Info (12133): Instantiated megafunction "picture_generator:picture_generator1|rom:port_map_rom|altsyncram:altsyncram_component|altsyncram_naa1:auto_generated|sld_mod_ram_rom:mgl_prim2" with the following parameter:
    Info (12134): Parameter "CVALUE" = "0000"
    Info (12134): Parameter "IS_DATA_IN_RAM" = "1"
    Info (12134): Parameter "IS_READABLE" = "1"
    Info (12134): Parameter "NODE_NAME" = "1247035719"
    Info (12134): Parameter "NUMWORDS" = "76800"
    Info (12134): Parameter "SHIFT_COUNT_BITS" = "3"
    Info (12134): Parameter "WIDTH_WORD" = "4"
    Info (12134): Parameter "WIDTHAD" = "17"
Info (12128): Elaborating entity "sld_rom_sr" for hierarchy "picture_generator:picture_generator1|rom:port_map_rom|altsyncram:altsyncram_component|altsyncram_naa1:auto_generated|sld_mod_ram_rom:mgl_prim2|sld_rom_sr:\ram_rom_logic_gen:name_gen:info_rom_sr"
Info (12128): Elaborating entity "D_async" for hierarchy "picture_generator:picture_generator1|D_async:dx1"
Info (12128): Elaborating entity "color_coding" for hierarchy "color_coding:color_coding1"
Info (12128): Elaborating entity "T_async" for hierarchy "T_async:T_async1"
Warning (13024): Output pins are stuck at VCC or GND
    Warning (13410): Pin "vga_sync" is stuck at GND
Info (13000): Registers with preset signals will power-up high
Info (13003): DEV_CLRn pin will set, and not reset, register with preset signal due to NOT Gate Push-Back
Warning (13024): Output pins are stuck at VCC or GND
    Warning (13410): Pin "sld_hub:auto_hub|receive[0][0]" is stuck at GND
Info (16010): Generating hard_block partition "hard_block:auto_generated_inst"
    Info (16011): Adding 0 node(s), including 0 DDIO, 0 PLL, 0 transceiver and 0 LCELL
Info (21057): Implemented 684 device resources after synthesis - the final resource count might be different
    Info (21058): Implemented 5 input pins
    Info (21059): Implemented 36 output pins
    Info (21061): Implemented 566 logic cells
    Info (21064): Implemented 76 RAM segments
Info: Quartus II 64-Bit Analysis & Synthesis was successful. 0 errors, 6 warnings
    Info: Peak virtual memory: 4650 megabytes
    Info: Processing ended: Fri Jan 24 08:37:02 2020
    Info: Elapsed time: 00:00:07
    Info: Total CPU time (on all processors): 00:00:07


