TimeQuest Timing Analyzer report for top_registr_sedmi_segment
Fri Nov 15 13:26:14 2019
Quartus II 64-Bit Version 13.0.1 Build 232 06/12/2013 Service Pack 1 SJ Web Edition


---------------------
; Table of Contents ;
---------------------
  1. Legal Notice
  2. TimeQuest Timing Analyzer Summary
  3. Parallel Compilation
  4. SDC File List
  5. Clocks
  6. Slow Model Fmax Summary
  7. Slow Model Setup Summary
  8. Slow Model Hold Summary
  9. Slow Model Recovery Summary
 10. Slow Model Removal Summary
 11. Slow Model Minimum Pulse Width Summary
 12. Slow Model Setup: 'clk'
 13. Slow Model Hold: 'clk'
 14. Slow Model Minimum Pulse Width: 'clk'
 15. Slow Model Datasheet Report
 16. Fast Model Setup Summary
 17. Fast Model Hold Summary
 18. Fast Model Recovery Summary
 19. Fast Model Removal Summary
 20. Fast Model Minimum Pulse Width Summary
 21. Fast Model Setup: 'clk'
 22. Fast Model Hold: 'clk'
 23. Fast Model Minimum Pulse Width: 'clk'
 24. Fast Model Datasheet Report
 25. Multicorner Timing Analysis Summary
 26. Setup Transfers
 27. Hold Transfers
 28. Report TCCS
 29. Report RSKM
 30. Unconstrained Paths
 31. TimeQuest Timing Analyzer Messages



----------------
; Legal Notice ;
----------------
Copyright (C) 1991-2013 Altera Corporation
Your use of Altera Corporation's design tools, logic functions 
and other software and tools, and its AMPP partner logic 
functions, and any output files from any of the foregoing 
(including device programming or simulation files), and any 
associated documentation or information are expressly subject 
to the terms and conditions of the Altera Program License 
Subscription Agreement, Altera MegaCore Function License 
Agreement, or other applicable license agreement, including, 
without limitation, that your use is for the sole purpose of 
programming logic devices manufactured by Altera and sold by 
Altera or its authorized distributors.  Please refer to the 
applicable agreement for further details.



+----------------------------------------------------------------------------------------+
; TimeQuest Timing Analyzer Summary                                                      ;
+--------------------+-------------------------------------------------------------------+
; Quartus II Version ; Version 13.0.1 Build 232 06/12/2013 Service Pack 1 SJ Web Edition ;
; Revision Name      ; top_registr_sedmi_segment                                         ;
; Device Family      ; Cyclone II                                                        ;
; Device Name        ; EP2C35F672C6                                                      ;
; Timing Models      ; Final                                                             ;
; Delay Model        ; Combined                                                          ;
; Rise/Fall Delays   ; Unavailable                                                       ;
+--------------------+-------------------------------------------------------------------+


Parallel compilation was disabled, but you have multiple processors available. Enable parallel compilation to reduce compilation time.
+-------------------------------------+
; Parallel Compilation                ;
+----------------------------+--------+
; Processors                 ; Number ;
+----------------------------+--------+
; Number detected on machine ; 8      ;
; Maximum allowed            ; 1      ;
+----------------------------+--------+


+---------------------------------------------------+
; SDC File List                                     ;
+---------------+--------+--------------------------+
; SDC File Path ; Status ; Read at                  ;
+---------------+--------+--------------------------+
; SDC3.sdc      ; OK     ; Fri Nov 15 13:26:13 2019 ;
+---------------+--------+--------------------------+


+--------------------------------------------------------------------------------------------------------------------------------------------------------------------------------------+
; Clocks                                                                                                                                                                               ;
+------------+------+--------+-----------+-------+-------+------------+-----------+-------------+-------+--------+-----------+------------+----------+--------+--------+---------------+
; Clock Name ; Type ; Period ; Frequency ; Rise  ; Fall  ; Duty Cycle ; Divide by ; Multiply by ; Phase ; Offset ; Edge List ; Edge Shift ; Inverted ; Master ; Source ; Targets       ;
+------------+------+--------+-----------+-------+-------+------------+-----------+-------------+-------+--------+-----------+------------+----------+--------+--------+---------------+
; clk        ; Base ; 10.000 ; 100.0 MHz ; 0.000 ; 5.000 ;            ;           ;             ;       ;        ;           ;            ;          ;        ;        ; { input_CLK } ;
+------------+------+--------+-----------+-------+-------+------------+-----------+-------------+-------+--------+-----------+------------+----------+--------+--------+---------------+


+--------------------------------------------------+
; Slow Model Fmax Summary                          ;
+------------+-----------------+------------+------+
; Fmax       ; Restricted Fmax ; Clock Name ; Note ;
+------------+-----------------+------------+------+
; 440.33 MHz ; 440.33 MHz      ; clk        ;      ;
+------------+-----------------+------------+------+
This panel reports FMAX for every clock in the design, regardless of the user-specified clock periods.  FMAX is only computed for paths where the source and destination registers or ports are driven by the same clock.  Paths of different clocks, including generated clocks, are ignored.  For paths between a clock and its inversion, FMAX is computed as if the rising and falling edges are scaled along with FMAX, such that the duty cycle (in terms of a percentage) is maintained. Altera recommends that you always use clock constraints and other slack reports for sign-off analysis.


+-------------------------------+
; Slow Model Setup Summary      ;
+-------+-------+---------------+
; Clock ; Slack ; End Point TNS ;
+-------+-------+---------------+
; clk   ; 7.729 ; 0.000         ;
+-------+-------+---------------+


+-------------------------------+
; Slow Model Hold Summary       ;
+-------+-------+---------------+
; Clock ; Slack ; End Point TNS ;
+-------+-------+---------------+
; clk   ; 0.391 ; 0.000         ;
+-------+-------+---------------+


-------------------------------
; Slow Model Recovery Summary ;
-------------------------------
No paths to report.


------------------------------
; Slow Model Removal Summary ;
------------------------------
No paths to report.


+----------------------------------------+
; Slow Model Minimum Pulse Width Summary ;
+-------+-------+------------------------+
; Clock ; Slack ; End Point TNS          ;
+-------+-------+------------------------+
; clk   ; 4.000 ; 0.000                  ;
+-------+-------+------------------------+


+--------------------------------------------------------------------------------------------------------------------------------------------+
; Slow Model Setup: 'clk'                                                                                                                    ;
+-------+------------------------------+-------------------------------+--------------+-------------+--------------+------------+------------+
; Slack ; From Node                    ; To Node                       ; Launch Clock ; Latch Clock ; Relationship ; Clock Skew ; Data Delay ;
+-------+------------------------------+-------------------------------+--------------+-------------+--------------+------------+------------+
; 7.729 ; counter:i_counter|pomocna[0] ; counter:i_counter|pomocna[7]  ; clk          ; clk         ; 10.000       ; -0.001     ; 2.306      ;
; 7.800 ; counter:i_counter|pomocna[0] ; counter:i_counter|pomocna[6]  ; clk          ; clk         ; 10.000       ; -0.001     ; 2.235      ;
; 7.959 ; counter:i_counter|pomocna[0] ; counter:i_counter|pomocna[5]  ; clk          ; clk         ; 10.000       ; -0.001     ; 2.076      ;
; 8.030 ; counter:i_counter|pomocna[0] ; counter:i_counter|pomocna[4]  ; clk          ; clk         ; 10.000       ; -0.001     ; 2.005      ;
; 8.101 ; counter:i_counter|pomocna[0] ; counter:i_counter|pomocna[3]  ; clk          ; clk         ; 10.000       ; -0.001     ; 1.934      ;
; 8.103 ; counter:i_counter|pomocna[1] ; counter:i_counter|pomocna[7]  ; clk          ; clk         ; 10.000       ; 0.000      ; 1.933      ;
; 8.172 ; counter:i_counter|pomocna[0] ; counter:i_counter|pomocna[2]  ; clk          ; clk         ; 10.000       ; -0.001     ; 1.863      ;
; 8.174 ; counter:i_counter|pomocna[1] ; counter:i_counter|pomocna[6]  ; clk          ; clk         ; 10.000       ; 0.000      ; 1.862      ;
; 8.209 ; counter:i_counter|pomocna[2] ; counter:i_counter|pomocna[7]  ; clk          ; clk         ; 10.000       ; 0.000      ; 1.827      ;
; 8.244 ; counter:i_counter|pomocna[3] ; counter:i_counter|pomocna[7]  ; clk          ; clk         ; 10.000       ; 0.000      ; 1.792      ;
; 8.280 ; counter:i_counter|pomocna[2] ; counter:i_counter|pomocna[6]  ; clk          ; clk         ; 10.000       ; 0.000      ; 1.756      ;
; 8.315 ; counter:i_counter|pomocna[4] ; counter:i_counter|pomocna[7]  ; clk          ; clk         ; 10.000       ; 0.000      ; 1.721      ;
; 8.315 ; counter:i_counter|pomocna[3] ; counter:i_counter|pomocna[6]  ; clk          ; clk         ; 10.000       ; 0.000      ; 1.721      ;
; 8.333 ; counter:i_counter|pomocna[1] ; counter:i_counter|pomocna[5]  ; clk          ; clk         ; 10.000       ; 0.000      ; 1.703      ;
; 8.386 ; counter:i_counter|pomocna[4] ; counter:i_counter|pomocna[6]  ; clk          ; clk         ; 10.000       ; 0.000      ; 1.650      ;
; 8.404 ; counter:i_counter|pomocna[1] ; counter:i_counter|pomocna[4]  ; clk          ; clk         ; 10.000       ; 0.000      ; 1.632      ;
; 8.422 ; counter:i_counter|pomocna[5] ; counter:i_counter|pomocna[7]  ; clk          ; clk         ; 10.000       ; 0.000      ; 1.614      ;
; 8.439 ; counter:i_counter|pomocna[2] ; counter:i_counter|pomocna[5]  ; clk          ; clk         ; 10.000       ; 0.000      ; 1.597      ;
; 8.474 ; counter:i_counter|pomocna[3] ; counter:i_counter|pomocna[5]  ; clk          ; clk         ; 10.000       ; 0.000      ; 1.562      ;
; 8.475 ; counter:i_counter|pomocna[1] ; counter:i_counter|pomocna[3]  ; clk          ; clk         ; 10.000       ; 0.000      ; 1.561      ;
; 8.493 ; counter:i_counter|pomocna[5] ; counter:i_counter|pomocna[6]  ; clk          ; clk         ; 10.000       ; 0.000      ; 1.543      ;
; 8.510 ; counter:i_counter|pomocna[2] ; counter:i_counter|pomocna[4]  ; clk          ; clk         ; 10.000       ; 0.000      ; 1.526      ;
; 8.531 ; counter:i_counter|pomocna[6] ; counter:i_counter|pomocna[7]  ; clk          ; clk         ; 10.000       ; 0.000      ; 1.505      ;
; 8.545 ; counter:i_counter|pomocna[4] ; counter:i_counter|pomocna[5]  ; clk          ; clk         ; 10.000       ; 0.000      ; 1.491      ;
; 8.545 ; counter:i_counter|pomocna[3] ; counter:i_counter|pomocna[4]  ; clk          ; clk         ; 10.000       ; 0.000      ; 1.491      ;
; 8.546 ; counter:i_counter|pomocna[1] ; counter:i_counter|pomocna[2]  ; clk          ; clk         ; 10.000       ; 0.000      ; 1.490      ;
; 8.555 ; counter:i_counter|pomocna[0] ; counter:i_counter|pomocna[1]  ; clk          ; clk         ; 10.000       ; -0.001     ; 1.480      ;
; 8.581 ; counter:i_counter|pomocna[2] ; counter:i_counter|pomocna[3]  ; clk          ; clk         ; 10.000       ; 0.000      ; 1.455      ;
; 8.676 ; counter:i_counter|pomocna[1] ; counter:i_counter|output_Q[1] ; clk          ; clk         ; 10.000       ; 0.001      ; 1.361      ;
; 8.693 ; counter:i_counter|pomocna[3] ; counter:i_counter|output_Q[3] ; clk          ; clk         ; 10.000       ; 0.001      ; 1.344      ;
; 8.758 ; counter:i_counter|pomocna[7] ; counter:i_counter|pomocna[7]  ; clk          ; clk         ; 10.000       ; 0.000      ; 1.278      ;
; 8.912 ; counter:i_counter|pomocna[2] ; counter:i_counter|output_Q[2] ; clk          ; clk         ; 10.000       ; 0.001      ; 1.125      ;
; 8.917 ; counter:i_counter|pomocna[6] ; counter:i_counter|pomocna[6]  ; clk          ; clk         ; 10.000       ; 0.000      ; 1.119      ;
; 8.926 ; counter:i_counter|pomocna[7] ; counter:i_counter|output_Q[7] ; clk          ; clk         ; 10.000       ; 0.001      ; 1.111      ;
; 8.927 ; counter:i_counter|pomocna[4] ; counter:i_counter|output_Q[4] ; clk          ; clk         ; 10.000       ; 0.001      ; 1.110      ;
; 8.931 ; counter:i_counter|pomocna[4] ; counter:i_counter|pomocna[4]  ; clk          ; clk         ; 10.000       ; 0.000      ; 1.105      ;
; 8.931 ; counter:i_counter|pomocna[3] ; counter:i_counter|pomocna[3]  ; clk          ; clk         ; 10.000       ; 0.000      ; 1.105      ;
; 8.933 ; counter:i_counter|pomocna[1] ; counter:i_counter|pomocna[1]  ; clk          ; clk         ; 10.000       ; 0.000      ; 1.103      ;
; 8.964 ; counter:i_counter|pomocna[2] ; counter:i_counter|pomocna[2]  ; clk          ; clk         ; 10.000       ; 0.000      ; 1.072      ;
; 8.968 ; counter:i_counter|pomocna[5] ; counter:i_counter|pomocna[5]  ; clk          ; clk         ; 10.000       ; 0.000      ; 1.068      ;
; 9.084 ; counter:i_counter|pomocna[6] ; counter:i_counter|output_Q[6] ; clk          ; clk         ; 10.000       ; 0.001      ; 0.953      ;
; 9.088 ; counter:i_counter|pomocna[0] ; counter:i_counter|output_Q[0] ; clk          ; clk         ; 10.000       ; 0.000      ; 0.948      ;
; 9.102 ; counter:i_counter|pomocna[5] ; counter:i_counter|output_Q[5] ; clk          ; clk         ; 10.000       ; 0.001      ; 0.935      ;
; 9.379 ; counter:i_counter|pomocna[0] ; counter:i_counter|pomocna[0]  ; clk          ; clk         ; 10.000       ; 0.000      ; 0.657      ;
+-------+------------------------------+-------------------------------+--------------+-------------+--------------+------------+------------+


+--------------------------------------------------------------------------------------------------------------------------------------------+
; Slow Model Hold: 'clk'                                                                                                                     ;
+-------+------------------------------+-------------------------------+--------------+-------------+--------------+------------+------------+
; Slack ; From Node                    ; To Node                       ; Launch Clock ; Latch Clock ; Relationship ; Clock Skew ; Data Delay ;
+-------+------------------------------+-------------------------------+--------------+-------------+--------------+------------+------------+
; 0.391 ; counter:i_counter|pomocna[0] ; counter:i_counter|pomocna[0]  ; clk          ; clk         ; 0.000        ; 0.000      ; 0.657      ;
; 0.668 ; counter:i_counter|pomocna[5] ; counter:i_counter|output_Q[5] ; clk          ; clk         ; 0.000        ; 0.001      ; 0.935      ;
; 0.682 ; counter:i_counter|pomocna[0] ; counter:i_counter|output_Q[0] ; clk          ; clk         ; 0.000        ; 0.000      ; 0.948      ;
; 0.686 ; counter:i_counter|pomocna[6] ; counter:i_counter|output_Q[6] ; clk          ; clk         ; 0.000        ; 0.001      ; 0.953      ;
; 0.802 ; counter:i_counter|pomocna[5] ; counter:i_counter|pomocna[5]  ; clk          ; clk         ; 0.000        ; 0.000      ; 1.068      ;
; 0.806 ; counter:i_counter|pomocna[2] ; counter:i_counter|pomocna[2]  ; clk          ; clk         ; 0.000        ; 0.000      ; 1.072      ;
; 0.837 ; counter:i_counter|pomocna[1] ; counter:i_counter|pomocna[1]  ; clk          ; clk         ; 0.000        ; 0.000      ; 1.103      ;
; 0.839 ; counter:i_counter|pomocna[3] ; counter:i_counter|pomocna[3]  ; clk          ; clk         ; 0.000        ; 0.000      ; 1.105      ;
; 0.839 ; counter:i_counter|pomocna[4] ; counter:i_counter|pomocna[4]  ; clk          ; clk         ; 0.000        ; 0.000      ; 1.105      ;
; 0.843 ; counter:i_counter|pomocna[4] ; counter:i_counter|output_Q[4] ; clk          ; clk         ; 0.000        ; 0.001      ; 1.110      ;
; 0.844 ; counter:i_counter|pomocna[7] ; counter:i_counter|output_Q[7] ; clk          ; clk         ; 0.000        ; 0.001      ; 1.111      ;
; 0.853 ; counter:i_counter|pomocna[6] ; counter:i_counter|pomocna[6]  ; clk          ; clk         ; 0.000        ; 0.000      ; 1.119      ;
; 0.858 ; counter:i_counter|pomocna[2] ; counter:i_counter|output_Q[2] ; clk          ; clk         ; 0.000        ; 0.001      ; 1.125      ;
; 1.012 ; counter:i_counter|pomocna[7] ; counter:i_counter|pomocna[7]  ; clk          ; clk         ; 0.000        ; 0.000      ; 1.278      ;
; 1.077 ; counter:i_counter|pomocna[3] ; counter:i_counter|output_Q[3] ; clk          ; clk         ; 0.000        ; 0.001      ; 1.344      ;
; 1.094 ; counter:i_counter|pomocna[1] ; counter:i_counter|output_Q[1] ; clk          ; clk         ; 0.000        ; 0.001      ; 1.361      ;
; 1.189 ; counter:i_counter|pomocna[2] ; counter:i_counter|pomocna[3]  ; clk          ; clk         ; 0.000        ; 0.000      ; 1.455      ;
; 1.215 ; counter:i_counter|pomocna[0] ; counter:i_counter|pomocna[1]  ; clk          ; clk         ; 0.000        ; -0.001     ; 1.480      ;
; 1.224 ; counter:i_counter|pomocna[1] ; counter:i_counter|pomocna[2]  ; clk          ; clk         ; 0.000        ; 0.000      ; 1.490      ;
; 1.225 ; counter:i_counter|pomocna[4] ; counter:i_counter|pomocna[5]  ; clk          ; clk         ; 0.000        ; 0.000      ; 1.491      ;
; 1.225 ; counter:i_counter|pomocna[3] ; counter:i_counter|pomocna[4]  ; clk          ; clk         ; 0.000        ; 0.000      ; 1.491      ;
; 1.239 ; counter:i_counter|pomocna[6] ; counter:i_counter|pomocna[7]  ; clk          ; clk         ; 0.000        ; 0.000      ; 1.505      ;
; 1.260 ; counter:i_counter|pomocna[2] ; counter:i_counter|pomocna[4]  ; clk          ; clk         ; 0.000        ; 0.000      ; 1.526      ;
; 1.277 ; counter:i_counter|pomocna[5] ; counter:i_counter|pomocna[6]  ; clk          ; clk         ; 0.000        ; 0.000      ; 1.543      ;
; 1.295 ; counter:i_counter|pomocna[1] ; counter:i_counter|pomocna[3]  ; clk          ; clk         ; 0.000        ; 0.000      ; 1.561      ;
; 1.296 ; counter:i_counter|pomocna[3] ; counter:i_counter|pomocna[5]  ; clk          ; clk         ; 0.000        ; 0.000      ; 1.562      ;
; 1.331 ; counter:i_counter|pomocna[2] ; counter:i_counter|pomocna[5]  ; clk          ; clk         ; 0.000        ; 0.000      ; 1.597      ;
; 1.348 ; counter:i_counter|pomocna[5] ; counter:i_counter|pomocna[7]  ; clk          ; clk         ; 0.000        ; 0.000      ; 1.614      ;
; 1.366 ; counter:i_counter|pomocna[1] ; counter:i_counter|pomocna[4]  ; clk          ; clk         ; 0.000        ; 0.000      ; 1.632      ;
; 1.384 ; counter:i_counter|pomocna[4] ; counter:i_counter|pomocna[6]  ; clk          ; clk         ; 0.000        ; 0.000      ; 1.650      ;
; 1.437 ; counter:i_counter|pomocna[1] ; counter:i_counter|pomocna[5]  ; clk          ; clk         ; 0.000        ; 0.000      ; 1.703      ;
; 1.455 ; counter:i_counter|pomocna[4] ; counter:i_counter|pomocna[7]  ; clk          ; clk         ; 0.000        ; 0.000      ; 1.721      ;
; 1.455 ; counter:i_counter|pomocna[3] ; counter:i_counter|pomocna[6]  ; clk          ; clk         ; 0.000        ; 0.000      ; 1.721      ;
; 1.490 ; counter:i_counter|pomocna[2] ; counter:i_counter|pomocna[6]  ; clk          ; clk         ; 0.000        ; 0.000      ; 1.756      ;
; 1.526 ; counter:i_counter|pomocna[3] ; counter:i_counter|pomocna[7]  ; clk          ; clk         ; 0.000        ; 0.000      ; 1.792      ;
; 1.561 ; counter:i_counter|pomocna[2] ; counter:i_counter|pomocna[7]  ; clk          ; clk         ; 0.000        ; 0.000      ; 1.827      ;
; 1.596 ; counter:i_counter|pomocna[1] ; counter:i_counter|pomocna[6]  ; clk          ; clk         ; 0.000        ; 0.000      ; 1.862      ;
; 1.598 ; counter:i_counter|pomocna[0] ; counter:i_counter|pomocna[2]  ; clk          ; clk         ; 0.000        ; -0.001     ; 1.863      ;
; 1.667 ; counter:i_counter|pomocna[1] ; counter:i_counter|pomocna[7]  ; clk          ; clk         ; 0.000        ; 0.000      ; 1.933      ;
; 1.669 ; counter:i_counter|pomocna[0] ; counter:i_counter|pomocna[3]  ; clk          ; clk         ; 0.000        ; -0.001     ; 1.934      ;
; 1.740 ; counter:i_counter|pomocna[0] ; counter:i_counter|pomocna[4]  ; clk          ; clk         ; 0.000        ; -0.001     ; 2.005      ;
; 1.811 ; counter:i_counter|pomocna[0] ; counter:i_counter|pomocna[5]  ; clk          ; clk         ; 0.000        ; -0.001     ; 2.076      ;
; 1.970 ; counter:i_counter|pomocna[0] ; counter:i_counter|pomocna[6]  ; clk          ; clk         ; 0.000        ; -0.001     ; 2.235      ;
; 2.041 ; counter:i_counter|pomocna[0] ; counter:i_counter|pomocna[7]  ; clk          ; clk         ; 0.000        ; -0.001     ; 2.306      ;
+-------+------------------------------+-------------------------------+--------------+-------------+--------------+------------+------------+


+---------------------------------------------------------------------------------------------------------------+
; Slow Model Minimum Pulse Width: 'clk'                                                                         ;
+-------+--------------+----------------+------------------+-------+------------+-------------------------------+
; Slack ; Actual Width ; Required Width ; Type             ; Clock ; Clock Edge ; Target                        ;
+-------+--------------+----------------+------------------+-------+------------+-------------------------------+
; 4.000 ; 5.000        ; 1.000          ; High Pulse Width ; clk   ; Rise       ; counter:i_counter|output_Q[0] ;
; 4.000 ; 5.000        ; 1.000          ; Low Pulse Width  ; clk   ; Rise       ; counter:i_counter|output_Q[0] ;
; 4.000 ; 5.000        ; 1.000          ; High Pulse Width ; clk   ; Rise       ; counter:i_counter|output_Q[1] ;
; 4.000 ; 5.000        ; 1.000          ; Low Pulse Width  ; clk   ; Rise       ; counter:i_counter|output_Q[1] ;
; 4.000 ; 5.000        ; 1.000          ; High Pulse Width ; clk   ; Rise       ; counter:i_counter|output_Q[2] ;
; 4.000 ; 5.000        ; 1.000          ; Low Pulse Width  ; clk   ; Rise       ; counter:i_counter|output_Q[2] ;
; 4.000 ; 5.000        ; 1.000          ; High Pulse Width ; clk   ; Rise       ; counter:i_counter|output_Q[3] ;
; 4.000 ; 5.000        ; 1.000          ; Low Pulse Width  ; clk   ; Rise       ; counter:i_counter|output_Q[3] ;
; 4.000 ; 5.000        ; 1.000          ; High Pulse Width ; clk   ; Rise       ; counter:i_counter|output_Q[4] ;
; 4.000 ; 5.000        ; 1.000          ; Low Pulse Width  ; clk   ; Rise       ; counter:i_counter|output_Q[4] ;
; 4.000 ; 5.000        ; 1.000          ; High Pulse Width ; clk   ; Rise       ; counter:i_counter|output_Q[5] ;
; 4.000 ; 5.000        ; 1.000          ; Low Pulse Width  ; clk   ; Rise       ; counter:i_counter|output_Q[5] ;
; 4.000 ; 5.000        ; 1.000          ; High Pulse Width ; clk   ; Rise       ; counter:i_counter|output_Q[6] ;
; 4.000 ; 5.000        ; 1.000          ; Low Pulse Width  ; clk   ; Rise       ; counter:i_counter|output_Q[6] ;
; 4.000 ; 5.000        ; 1.000          ; High Pulse Width ; clk   ; Rise       ; counter:i_counter|output_Q[7] ;
; 4.000 ; 5.000        ; 1.000          ; Low Pulse Width  ; clk   ; Rise       ; counter:i_counter|output_Q[7] ;
; 4.000 ; 5.000        ; 1.000          ; High Pulse Width ; clk   ; Rise       ; counter:i_counter|pomocna[0]  ;
; 4.000 ; 5.000        ; 1.000          ; Low Pulse Width  ; clk   ; Rise       ; counter:i_counter|pomocna[0]  ;
; 4.000 ; 5.000        ; 1.000          ; High Pulse Width ; clk   ; Rise       ; counter:i_counter|pomocna[1]  ;
; 4.000 ; 5.000        ; 1.000          ; Low Pulse Width  ; clk   ; Rise       ; counter:i_counter|pomocna[1]  ;
; 4.000 ; 5.000        ; 1.000          ; High Pulse Width ; clk   ; Rise       ; counter:i_counter|pomocna[2]  ;
; 4.000 ; 5.000        ; 1.000          ; Low Pulse Width  ; clk   ; Rise       ; counter:i_counter|pomocna[2]  ;
; 4.000 ; 5.000        ; 1.000          ; High Pulse Width ; clk   ; Rise       ; counter:i_counter|pomocna[3]  ;
; 4.000 ; 5.000        ; 1.000          ; Low Pulse Width  ; clk   ; Rise       ; counter:i_counter|pomocna[3]  ;
; 4.000 ; 5.000        ; 1.000          ; High Pulse Width ; clk   ; Rise       ; counter:i_counter|pomocna[4]  ;
; 4.000 ; 5.000        ; 1.000          ; Low Pulse Width  ; clk   ; Rise       ; counter:i_counter|pomocna[4]  ;
; 4.000 ; 5.000        ; 1.000          ; High Pulse Width ; clk   ; Rise       ; counter:i_counter|pomocna[5]  ;
; 4.000 ; 5.000        ; 1.000          ; Low Pulse Width  ; clk   ; Rise       ; counter:i_counter|pomocna[5]  ;
; 4.000 ; 5.000        ; 1.000          ; High Pulse Width ; clk   ; Rise       ; counter:i_counter|pomocna[6]  ;
; 4.000 ; 5.000        ; 1.000          ; Low Pulse Width  ; clk   ; Rise       ; counter:i_counter|pomocna[6]  ;
; 4.000 ; 5.000        ; 1.000          ; High Pulse Width ; clk   ; Rise       ; counter:i_counter|pomocna[7]  ;
; 4.000 ; 5.000        ; 1.000          ; Low Pulse Width  ; clk   ; Rise       ; counter:i_counter|pomocna[7]  ;
; 5.000 ; 5.000        ; 0.000          ; High Pulse Width ; clk   ; Rise       ; i_counter|output_Q[0]|clk     ;
; 5.000 ; 5.000        ; 0.000          ; Low Pulse Width  ; clk   ; Rise       ; i_counter|output_Q[0]|clk     ;
; 5.000 ; 5.000        ; 0.000          ; High Pulse Width ; clk   ; Rise       ; i_counter|output_Q[1]|clk     ;
; 5.000 ; 5.000        ; 0.000          ; Low Pulse Width  ; clk   ; Rise       ; i_counter|output_Q[1]|clk     ;
; 5.000 ; 5.000        ; 0.000          ; High Pulse Width ; clk   ; Rise       ; i_counter|output_Q[2]|clk     ;
; 5.000 ; 5.000        ; 0.000          ; Low Pulse Width  ; clk   ; Rise       ; i_counter|output_Q[2]|clk     ;
; 5.000 ; 5.000        ; 0.000          ; High Pulse Width ; clk   ; Rise       ; i_counter|output_Q[3]|clk     ;
; 5.000 ; 5.000        ; 0.000          ; Low Pulse Width  ; clk   ; Rise       ; i_counter|output_Q[3]|clk     ;
; 5.000 ; 5.000        ; 0.000          ; High Pulse Width ; clk   ; Rise       ; i_counter|output_Q[4]|clk     ;
; 5.000 ; 5.000        ; 0.000          ; Low Pulse Width  ; clk   ; Rise       ; i_counter|output_Q[4]|clk     ;
; 5.000 ; 5.000        ; 0.000          ; High Pulse Width ; clk   ; Rise       ; i_counter|output_Q[5]|clk     ;
; 5.000 ; 5.000        ; 0.000          ; Low Pulse Width  ; clk   ; Rise       ; i_counter|output_Q[5]|clk     ;
; 5.000 ; 5.000        ; 0.000          ; High Pulse Width ; clk   ; Rise       ; i_counter|output_Q[6]|clk     ;
; 5.000 ; 5.000        ; 0.000          ; Low Pulse Width  ; clk   ; Rise       ; i_counter|output_Q[6]|clk     ;
; 5.000 ; 5.000        ; 0.000          ; High Pulse Width ; clk   ; Rise       ; i_counter|output_Q[7]|clk     ;
; 5.000 ; 5.000        ; 0.000          ; Low Pulse Width  ; clk   ; Rise       ; i_counter|output_Q[7]|clk     ;
; 5.000 ; 5.000        ; 0.000          ; High Pulse Width ; clk   ; Rise       ; i_counter|pomocna[0]|clk      ;
; 5.000 ; 5.000        ; 0.000          ; Low Pulse Width  ; clk   ; Rise       ; i_counter|pomocna[0]|clk      ;
; 5.000 ; 5.000        ; 0.000          ; High Pulse Width ; clk   ; Rise       ; i_counter|pomocna[1]|clk      ;
; 5.000 ; 5.000        ; 0.000          ; Low Pulse Width  ; clk   ; Rise       ; i_counter|pomocna[1]|clk      ;
; 5.000 ; 5.000        ; 0.000          ; High Pulse Width ; clk   ; Rise       ; i_counter|pomocna[2]|clk      ;
; 5.000 ; 5.000        ; 0.000          ; Low Pulse Width  ; clk   ; Rise       ; i_counter|pomocna[2]|clk      ;
; 5.000 ; 5.000        ; 0.000          ; High Pulse Width ; clk   ; Rise       ; i_counter|pomocna[3]|clk      ;
; 5.000 ; 5.000        ; 0.000          ; Low Pulse Width  ; clk   ; Rise       ; i_counter|pomocna[3]|clk      ;
; 5.000 ; 5.000        ; 0.000          ; High Pulse Width ; clk   ; Rise       ; i_counter|pomocna[4]|clk      ;
; 5.000 ; 5.000        ; 0.000          ; Low Pulse Width  ; clk   ; Rise       ; i_counter|pomocna[4]|clk      ;
; 5.000 ; 5.000        ; 0.000          ; High Pulse Width ; clk   ; Rise       ; i_counter|pomocna[5]|clk      ;
; 5.000 ; 5.000        ; 0.000          ; Low Pulse Width  ; clk   ; Rise       ; i_counter|pomocna[5]|clk      ;
; 5.000 ; 5.000        ; 0.000          ; High Pulse Width ; clk   ; Rise       ; i_counter|pomocna[6]|clk      ;
; 5.000 ; 5.000        ; 0.000          ; Low Pulse Width  ; clk   ; Rise       ; i_counter|pomocna[6]|clk      ;
; 5.000 ; 5.000        ; 0.000          ; High Pulse Width ; clk   ; Rise       ; i_counter|pomocna[7]|clk      ;
; 5.000 ; 5.000        ; 0.000          ; Low Pulse Width  ; clk   ; Rise       ; i_counter|pomocna[7]|clk      ;
; 5.000 ; 5.000        ; 0.000          ; High Pulse Width ; clk   ; Rise       ; input_CLK|combout             ;
; 5.000 ; 5.000        ; 0.000          ; Low Pulse Width  ; clk   ; Rise       ; input_CLK|combout             ;
; 7.778 ; 10.000       ; 2.222          ; Port Rate        ; clk   ; Rise       ; input_CLK                     ;
+-------+--------------+----------------+------------------+-------+------------+-------------------------------+


-------------------------------
; Slow Model Datasheet Report ;
-------------------------------
Nothing to report.


+-------------------------------+
; Fast Model Setup Summary      ;
+-------+-------+---------------+
; Clock ; Slack ; End Point TNS ;
+-------+-------+---------------+
; clk   ; 8.965 ; 0.000         ;
+-------+-------+---------------+


+-------------------------------+
; Fast Model Hold Summary       ;
+-------+-------+---------------+
; Clock ; Slack ; End Point TNS ;
+-------+-------+---------------+
; clk   ; 0.215 ; 0.000         ;
+-------+-------+---------------+


-------------------------------
; Fast Model Recovery Summary ;
-------------------------------
No paths to report.


------------------------------
; Fast Model Removal Summary ;
------------------------------
No paths to report.


+----------------------------------------+
; Fast Model Minimum Pulse Width Summary ;
+-------+-------+------------------------+
; Clock ; Slack ; End Point TNS          ;
+-------+-------+------------------------+
; clk   ; 4.000 ; 0.000                  ;
+-------+-------+------------------------+


+--------------------------------------------------------------------------------------------------------------------------------------------+
; Fast Model Setup: 'clk'                                                                                                                    ;
+-------+------------------------------+-------------------------------+--------------+-------------+--------------+------------+------------+
; Slack ; From Node                    ; To Node                       ; Launch Clock ; Latch Clock ; Relationship ; Clock Skew ; Data Delay ;
+-------+------------------------------+-------------------------------+--------------+-------------+--------------+------------+------------+
; 8.965 ; counter:i_counter|pomocna[0] ; counter:i_counter|pomocna[7]  ; clk          ; clk         ; 10.000       ; -0.001     ; 1.066      ;
; 9.000 ; counter:i_counter|pomocna[0] ; counter:i_counter|pomocna[6]  ; clk          ; clk         ; 10.000       ; -0.001     ; 1.031      ;
; 9.094 ; counter:i_counter|pomocna[0] ; counter:i_counter|pomocna[5]  ; clk          ; clk         ; 10.000       ; -0.001     ; 0.937      ;
; 9.129 ; counter:i_counter|pomocna[0] ; counter:i_counter|pomocna[4]  ; clk          ; clk         ; 10.000       ; -0.001     ; 0.902      ;
; 9.135 ; counter:i_counter|pomocna[1] ; counter:i_counter|pomocna[7]  ; clk          ; clk         ; 10.000       ; 0.000      ; 0.897      ;
; 9.164 ; counter:i_counter|pomocna[0] ; counter:i_counter|pomocna[3]  ; clk          ; clk         ; 10.000       ; -0.001     ; 0.867      ;
; 9.170 ; counter:i_counter|pomocna[1] ; counter:i_counter|pomocna[6]  ; clk          ; clk         ; 10.000       ; 0.000      ; 0.862      ;
; 9.183 ; counter:i_counter|pomocna[2] ; counter:i_counter|pomocna[7]  ; clk          ; clk         ; 10.000       ; 0.000      ; 0.849      ;
; 9.199 ; counter:i_counter|pomocna[0] ; counter:i_counter|pomocna[2]  ; clk          ; clk         ; 10.000       ; -0.001     ; 0.832      ;
; 9.204 ; counter:i_counter|pomocna[3] ; counter:i_counter|pomocna[7]  ; clk          ; clk         ; 10.000       ; 0.000      ; 0.828      ;
; 9.218 ; counter:i_counter|pomocna[2] ; counter:i_counter|pomocna[6]  ; clk          ; clk         ; 10.000       ; 0.000      ; 0.814      ;
; 9.239 ; counter:i_counter|pomocna[4] ; counter:i_counter|pomocna[7]  ; clk          ; clk         ; 10.000       ; 0.000      ; 0.793      ;
; 9.239 ; counter:i_counter|pomocna[3] ; counter:i_counter|pomocna[6]  ; clk          ; clk         ; 10.000       ; 0.000      ; 0.793      ;
; 9.264 ; counter:i_counter|pomocna[1] ; counter:i_counter|pomocna[5]  ; clk          ; clk         ; 10.000       ; 0.000      ; 0.768      ;
; 9.274 ; counter:i_counter|pomocna[4] ; counter:i_counter|pomocna[6]  ; clk          ; clk         ; 10.000       ; 0.000      ; 0.758      ;
; 9.291 ; counter:i_counter|pomocna[5] ; counter:i_counter|pomocna[7]  ; clk          ; clk         ; 10.000       ; 0.000      ; 0.741      ;
; 9.299 ; counter:i_counter|pomocna[1] ; counter:i_counter|pomocna[4]  ; clk          ; clk         ; 10.000       ; 0.000      ; 0.733      ;
; 9.312 ; counter:i_counter|pomocna[2] ; counter:i_counter|pomocna[5]  ; clk          ; clk         ; 10.000       ; 0.000      ; 0.720      ;
; 9.326 ; counter:i_counter|pomocna[5] ; counter:i_counter|pomocna[6]  ; clk          ; clk         ; 10.000       ; 0.000      ; 0.706      ;
; 9.333 ; counter:i_counter|pomocna[3] ; counter:i_counter|pomocna[5]  ; clk          ; clk         ; 10.000       ; 0.000      ; 0.699      ;
; 9.334 ; counter:i_counter|pomocna[0] ; counter:i_counter|pomocna[1]  ; clk          ; clk         ; 10.000       ; -0.001     ; 0.697      ;
; 9.334 ; counter:i_counter|pomocna[1] ; counter:i_counter|pomocna[3]  ; clk          ; clk         ; 10.000       ; 0.000      ; 0.698      ;
; 9.347 ; counter:i_counter|pomocna[2] ; counter:i_counter|pomocna[4]  ; clk          ; clk         ; 10.000       ; 0.000      ; 0.685      ;
; 9.358 ; counter:i_counter|pomocna[6] ; counter:i_counter|pomocna[7]  ; clk          ; clk         ; 10.000       ; 0.000      ; 0.674      ;
; 9.362 ; counter:i_counter|pomocna[1] ; counter:i_counter|output_Q[1] ; clk          ; clk         ; 10.000       ; 0.001      ; 0.671      ;
; 9.368 ; counter:i_counter|pomocna[4] ; counter:i_counter|pomocna[5]  ; clk          ; clk         ; 10.000       ; 0.000      ; 0.664      ;
; 9.368 ; counter:i_counter|pomocna[3] ; counter:i_counter|pomocna[4]  ; clk          ; clk         ; 10.000       ; 0.000      ; 0.664      ;
; 9.369 ; counter:i_counter|pomocna[1] ; counter:i_counter|pomocna[2]  ; clk          ; clk         ; 10.000       ; 0.000      ; 0.663      ;
; 9.371 ; counter:i_counter|pomocna[3] ; counter:i_counter|output_Q[3] ; clk          ; clk         ; 10.000       ; 0.001      ; 0.662      ;
; 9.382 ; counter:i_counter|pomocna[2] ; counter:i_counter|pomocna[3]  ; clk          ; clk         ; 10.000       ; 0.000      ; 0.650      ;
; 9.429 ; counter:i_counter|pomocna[7] ; counter:i_counter|pomocna[7]  ; clk          ; clk         ; 10.000       ; 0.000      ; 0.603      ;
; 9.466 ; counter:i_counter|pomocna[2] ; counter:i_counter|output_Q[2] ; clk          ; clk         ; 10.000       ; 0.001      ; 0.567      ;
; 9.470 ; counter:i_counter|pomocna[7] ; counter:i_counter|output_Q[7] ; clk          ; clk         ; 10.000       ; 0.000      ; 0.562      ;
; 9.474 ; counter:i_counter|pomocna[4] ; counter:i_counter|output_Q[4] ; clk          ; clk         ; 10.000       ; 0.000      ; 0.558      ;
; 9.498 ; counter:i_counter|pomocna[6] ; counter:i_counter|pomocna[6]  ; clk          ; clk         ; 10.000       ; 0.000      ; 0.534      ;
; 9.508 ; counter:i_counter|pomocna[4] ; counter:i_counter|pomocna[4]  ; clk          ; clk         ; 10.000       ; 0.000      ; 0.524      ;
; 9.508 ; counter:i_counter|pomocna[3] ; counter:i_counter|pomocna[3]  ; clk          ; clk         ; 10.000       ; 0.000      ; 0.524      ;
; 9.509 ; counter:i_counter|pomocna[1] ; counter:i_counter|pomocna[1]  ; clk          ; clk         ; 10.000       ; 0.000      ; 0.523      ;
; 9.519 ; counter:i_counter|pomocna[5] ; counter:i_counter|pomocna[5]  ; clk          ; clk         ; 10.000       ; 0.000      ; 0.513      ;
; 9.520 ; counter:i_counter|pomocna[2] ; counter:i_counter|pomocna[2]  ; clk          ; clk         ; 10.000       ; 0.000      ; 0.512      ;
; 9.538 ; counter:i_counter|pomocna[6] ; counter:i_counter|output_Q[6] ; clk          ; clk         ; 10.000       ; 0.000      ; 0.494      ;
; 9.544 ; counter:i_counter|pomocna[0] ; counter:i_counter|output_Q[0] ; clk          ; clk         ; 10.000       ; 0.000      ; 0.488      ;
; 9.550 ; counter:i_counter|pomocna[5] ; counter:i_counter|output_Q[5] ; clk          ; clk         ; 10.000       ; 0.000      ; 0.482      ;
; 9.665 ; counter:i_counter|pomocna[0] ; counter:i_counter|pomocna[0]  ; clk          ; clk         ; 10.000       ; 0.000      ; 0.367      ;
+-------+------------------------------+-------------------------------+--------------+-------------+--------------+------------+------------+


+--------------------------------------------------------------------------------------------------------------------------------------------+
; Fast Model Hold: 'clk'                                                                                                                     ;
+-------+------------------------------+-------------------------------+--------------+-------------+--------------+------------+------------+
; Slack ; From Node                    ; To Node                       ; Launch Clock ; Latch Clock ; Relationship ; Clock Skew ; Data Delay ;
+-------+------------------------------+-------------------------------+--------------+-------------+--------------+------------+------------+
; 0.215 ; counter:i_counter|pomocna[0] ; counter:i_counter|pomocna[0]  ; clk          ; clk         ; 0.000        ; 0.000      ; 0.367      ;
; 0.330 ; counter:i_counter|pomocna[5] ; counter:i_counter|output_Q[5] ; clk          ; clk         ; 0.000        ; 0.000      ; 0.482      ;
; 0.336 ; counter:i_counter|pomocna[0] ; counter:i_counter|output_Q[0] ; clk          ; clk         ; 0.000        ; 0.000      ; 0.488      ;
; 0.342 ; counter:i_counter|pomocna[6] ; counter:i_counter|output_Q[6] ; clk          ; clk         ; 0.000        ; 0.000      ; 0.494      ;
; 0.360 ; counter:i_counter|pomocna[2] ; counter:i_counter|pomocna[2]  ; clk          ; clk         ; 0.000        ; 0.000      ; 0.512      ;
; 0.361 ; counter:i_counter|pomocna[5] ; counter:i_counter|pomocna[5]  ; clk          ; clk         ; 0.000        ; 0.000      ; 0.513      ;
; 0.371 ; counter:i_counter|pomocna[1] ; counter:i_counter|pomocna[1]  ; clk          ; clk         ; 0.000        ; 0.000      ; 0.523      ;
; 0.372 ; counter:i_counter|pomocna[3] ; counter:i_counter|pomocna[3]  ; clk          ; clk         ; 0.000        ; 0.000      ; 0.524      ;
; 0.372 ; counter:i_counter|pomocna[4] ; counter:i_counter|pomocna[4]  ; clk          ; clk         ; 0.000        ; 0.000      ; 0.524      ;
; 0.382 ; counter:i_counter|pomocna[6] ; counter:i_counter|pomocna[6]  ; clk          ; clk         ; 0.000        ; 0.000      ; 0.534      ;
; 0.406 ; counter:i_counter|pomocna[4] ; counter:i_counter|output_Q[4] ; clk          ; clk         ; 0.000        ; 0.000      ; 0.558      ;
; 0.410 ; counter:i_counter|pomocna[7] ; counter:i_counter|output_Q[7] ; clk          ; clk         ; 0.000        ; 0.000      ; 0.562      ;
; 0.414 ; counter:i_counter|pomocna[2] ; counter:i_counter|output_Q[2] ; clk          ; clk         ; 0.000        ; 0.001      ; 0.567      ;
; 0.451 ; counter:i_counter|pomocna[7] ; counter:i_counter|pomocna[7]  ; clk          ; clk         ; 0.000        ; 0.000      ; 0.603      ;
; 0.498 ; counter:i_counter|pomocna[2] ; counter:i_counter|pomocna[3]  ; clk          ; clk         ; 0.000        ; 0.000      ; 0.650      ;
; 0.509 ; counter:i_counter|pomocna[3] ; counter:i_counter|output_Q[3] ; clk          ; clk         ; 0.000        ; 0.001      ; 0.662      ;
; 0.511 ; counter:i_counter|pomocna[1] ; counter:i_counter|pomocna[2]  ; clk          ; clk         ; 0.000        ; 0.000      ; 0.663      ;
; 0.512 ; counter:i_counter|pomocna[4] ; counter:i_counter|pomocna[5]  ; clk          ; clk         ; 0.000        ; 0.000      ; 0.664      ;
; 0.512 ; counter:i_counter|pomocna[3] ; counter:i_counter|pomocna[4]  ; clk          ; clk         ; 0.000        ; 0.000      ; 0.664      ;
; 0.518 ; counter:i_counter|pomocna[1] ; counter:i_counter|output_Q[1] ; clk          ; clk         ; 0.000        ; 0.001      ; 0.671      ;
; 0.522 ; counter:i_counter|pomocna[6] ; counter:i_counter|pomocna[7]  ; clk          ; clk         ; 0.000        ; 0.000      ; 0.674      ;
; 0.533 ; counter:i_counter|pomocna[2] ; counter:i_counter|pomocna[4]  ; clk          ; clk         ; 0.000        ; 0.000      ; 0.685      ;
; 0.546 ; counter:i_counter|pomocna[0] ; counter:i_counter|pomocna[1]  ; clk          ; clk         ; 0.000        ; -0.001     ; 0.697      ;
; 0.546 ; counter:i_counter|pomocna[1] ; counter:i_counter|pomocna[3]  ; clk          ; clk         ; 0.000        ; 0.000      ; 0.698      ;
; 0.547 ; counter:i_counter|pomocna[3] ; counter:i_counter|pomocna[5]  ; clk          ; clk         ; 0.000        ; 0.000      ; 0.699      ;
; 0.554 ; counter:i_counter|pomocna[5] ; counter:i_counter|pomocna[6]  ; clk          ; clk         ; 0.000        ; 0.000      ; 0.706      ;
; 0.568 ; counter:i_counter|pomocna[2] ; counter:i_counter|pomocna[5]  ; clk          ; clk         ; 0.000        ; 0.000      ; 0.720      ;
; 0.581 ; counter:i_counter|pomocna[1] ; counter:i_counter|pomocna[4]  ; clk          ; clk         ; 0.000        ; 0.000      ; 0.733      ;
; 0.589 ; counter:i_counter|pomocna[5] ; counter:i_counter|pomocna[7]  ; clk          ; clk         ; 0.000        ; 0.000      ; 0.741      ;
; 0.606 ; counter:i_counter|pomocna[4] ; counter:i_counter|pomocna[6]  ; clk          ; clk         ; 0.000        ; 0.000      ; 0.758      ;
; 0.616 ; counter:i_counter|pomocna[1] ; counter:i_counter|pomocna[5]  ; clk          ; clk         ; 0.000        ; 0.000      ; 0.768      ;
; 0.641 ; counter:i_counter|pomocna[4] ; counter:i_counter|pomocna[7]  ; clk          ; clk         ; 0.000        ; 0.000      ; 0.793      ;
; 0.641 ; counter:i_counter|pomocna[3] ; counter:i_counter|pomocna[6]  ; clk          ; clk         ; 0.000        ; 0.000      ; 0.793      ;
; 0.662 ; counter:i_counter|pomocna[2] ; counter:i_counter|pomocna[6]  ; clk          ; clk         ; 0.000        ; 0.000      ; 0.814      ;
; 0.676 ; counter:i_counter|pomocna[3] ; counter:i_counter|pomocna[7]  ; clk          ; clk         ; 0.000        ; 0.000      ; 0.828      ;
; 0.681 ; counter:i_counter|pomocna[0] ; counter:i_counter|pomocna[2]  ; clk          ; clk         ; 0.000        ; -0.001     ; 0.832      ;
; 0.697 ; counter:i_counter|pomocna[2] ; counter:i_counter|pomocna[7]  ; clk          ; clk         ; 0.000        ; 0.000      ; 0.849      ;
; 0.710 ; counter:i_counter|pomocna[1] ; counter:i_counter|pomocna[6]  ; clk          ; clk         ; 0.000        ; 0.000      ; 0.862      ;
; 0.716 ; counter:i_counter|pomocna[0] ; counter:i_counter|pomocna[3]  ; clk          ; clk         ; 0.000        ; -0.001     ; 0.867      ;
; 0.745 ; counter:i_counter|pomocna[1] ; counter:i_counter|pomocna[7]  ; clk          ; clk         ; 0.000        ; 0.000      ; 0.897      ;
; 0.751 ; counter:i_counter|pomocna[0] ; counter:i_counter|pomocna[4]  ; clk          ; clk         ; 0.000        ; -0.001     ; 0.902      ;
; 0.786 ; counter:i_counter|pomocna[0] ; counter:i_counter|pomocna[5]  ; clk          ; clk         ; 0.000        ; -0.001     ; 0.937      ;
; 0.880 ; counter:i_counter|pomocna[0] ; counter:i_counter|pomocna[6]  ; clk          ; clk         ; 0.000        ; -0.001     ; 1.031      ;
; 0.915 ; counter:i_counter|pomocna[0] ; counter:i_counter|pomocna[7]  ; clk          ; clk         ; 0.000        ; -0.001     ; 1.066      ;
+-------+------------------------------+-------------------------------+--------------+-------------+--------------+------------+------------+


+---------------------------------------------------------------------------------------------------------------+
; Fast Model Minimum Pulse Width: 'clk'                                                                         ;
+-------+--------------+----------------+------------------+-------+------------+-------------------------------+
; Slack ; Actual Width ; Required Width ; Type             ; Clock ; Clock Edge ; Target                        ;
+-------+--------------+----------------+------------------+-------+------------+-------------------------------+
; 4.000 ; 5.000        ; 1.000          ; High Pulse Width ; clk   ; Rise       ; counter:i_counter|output_Q[0] ;
; 4.000 ; 5.000        ; 1.000          ; Low Pulse Width  ; clk   ; Rise       ; counter:i_counter|output_Q[0] ;
; 4.000 ; 5.000        ; 1.000          ; High Pulse Width ; clk   ; Rise       ; counter:i_counter|output_Q[1] ;
; 4.000 ; 5.000        ; 1.000          ; Low Pulse Width  ; clk   ; Rise       ; counter:i_counter|output_Q[1] ;
; 4.000 ; 5.000        ; 1.000          ; High Pulse Width ; clk   ; Rise       ; counter:i_counter|output_Q[2] ;
; 4.000 ; 5.000        ; 1.000          ; Low Pulse Width  ; clk   ; Rise       ; counter:i_counter|output_Q[2] ;
; 4.000 ; 5.000        ; 1.000          ; High Pulse Width ; clk   ; Rise       ; counter:i_counter|output_Q[3] ;
; 4.000 ; 5.000        ; 1.000          ; Low Pulse Width  ; clk   ; Rise       ; counter:i_counter|output_Q[3] ;
; 4.000 ; 5.000        ; 1.000          ; High Pulse Width ; clk   ; Rise       ; counter:i_counter|output_Q[4] ;
; 4.000 ; 5.000        ; 1.000          ; Low Pulse Width  ; clk   ; Rise       ; counter:i_counter|output_Q[4] ;
; 4.000 ; 5.000        ; 1.000          ; High Pulse Width ; clk   ; Rise       ; counter:i_counter|output_Q[5] ;
; 4.000 ; 5.000        ; 1.000          ; Low Pulse Width  ; clk   ; Rise       ; counter:i_counter|output_Q[5] ;
; 4.000 ; 5.000        ; 1.000          ; High Pulse Width ; clk   ; Rise       ; counter:i_counter|output_Q[6] ;
; 4.000 ; 5.000        ; 1.000          ; Low Pulse Width  ; clk   ; Rise       ; counter:i_counter|output_Q[6] ;
; 4.000 ; 5.000        ; 1.000          ; High Pulse Width ; clk   ; Rise       ; counter:i_counter|output_Q[7] ;
; 4.000 ; 5.000        ; 1.000          ; Low Pulse Width  ; clk   ; Rise       ; counter:i_counter|output_Q[7] ;
; 4.000 ; 5.000        ; 1.000          ; High Pulse Width ; clk   ; Rise       ; counter:i_counter|pomocna[0]  ;
; 4.000 ; 5.000        ; 1.000          ; Low Pulse Width  ; clk   ; Rise       ; counter:i_counter|pomocna[0]  ;
; 4.000 ; 5.000        ; 1.000          ; High Pulse Width ; clk   ; Rise       ; counter:i_counter|pomocna[1]  ;
; 4.000 ; 5.000        ; 1.000          ; Low Pulse Width  ; clk   ; Rise       ; counter:i_counter|pomocna[1]  ;
; 4.000 ; 5.000        ; 1.000          ; High Pulse Width ; clk   ; Rise       ; counter:i_counter|pomocna[2]  ;
; 4.000 ; 5.000        ; 1.000          ; Low Pulse Width  ; clk   ; Rise       ; counter:i_counter|pomocna[2]  ;
; 4.000 ; 5.000        ; 1.000          ; High Pulse Width ; clk   ; Rise       ; counter:i_counter|pomocna[3]  ;
; 4.000 ; 5.000        ; 1.000          ; Low Pulse Width  ; clk   ; Rise       ; counter:i_counter|pomocna[3]  ;
; 4.000 ; 5.000        ; 1.000          ; High Pulse Width ; clk   ; Rise       ; counter:i_counter|pomocna[4]  ;
; 4.000 ; 5.000        ; 1.000          ; Low Pulse Width  ; clk   ; Rise       ; counter:i_counter|pomocna[4]  ;
; 4.000 ; 5.000        ; 1.000          ; High Pulse Width ; clk   ; Rise       ; counter:i_counter|pomocna[5]  ;
; 4.000 ; 5.000        ; 1.000          ; Low Pulse Width  ; clk   ; Rise       ; counter:i_counter|pomocna[5]  ;
; 4.000 ; 5.000        ; 1.000          ; High Pulse Width ; clk   ; Rise       ; counter:i_counter|pomocna[6]  ;
; 4.000 ; 5.000        ; 1.000          ; Low Pulse Width  ; clk   ; Rise       ; counter:i_counter|pomocna[6]  ;
; 4.000 ; 5.000        ; 1.000          ; High Pulse Width ; clk   ; Rise       ; counter:i_counter|pomocna[7]  ;
; 4.000 ; 5.000        ; 1.000          ; Low Pulse Width  ; clk   ; Rise       ; counter:i_counter|pomocna[7]  ;
; 5.000 ; 5.000        ; 0.000          ; High Pulse Width ; clk   ; Rise       ; i_counter|output_Q[0]|clk     ;
; 5.000 ; 5.000        ; 0.000          ; Low Pulse Width  ; clk   ; Rise       ; i_counter|output_Q[0]|clk     ;
; 5.000 ; 5.000        ; 0.000          ; High Pulse Width ; clk   ; Rise       ; i_counter|output_Q[1]|clk     ;
; 5.000 ; 5.000        ; 0.000          ; Low Pulse Width  ; clk   ; Rise       ; i_counter|output_Q[1]|clk     ;
; 5.000 ; 5.000        ; 0.000          ; High Pulse Width ; clk   ; Rise       ; i_counter|output_Q[2]|clk     ;
; 5.000 ; 5.000        ; 0.000          ; Low Pulse Width  ; clk   ; Rise       ; i_counter|output_Q[2]|clk     ;
; 5.000 ; 5.000        ; 0.000          ; High Pulse Width ; clk   ; Rise       ; i_counter|output_Q[3]|clk     ;
; 5.000 ; 5.000        ; 0.000          ; Low Pulse Width  ; clk   ; Rise       ; i_counter|output_Q[3]|clk     ;
; 5.000 ; 5.000        ; 0.000          ; High Pulse Width ; clk   ; Rise       ; i_counter|output_Q[4]|clk     ;
; 5.000 ; 5.000        ; 0.000          ; Low Pulse Width  ; clk   ; Rise       ; i_counter|output_Q[4]|clk     ;
; 5.000 ; 5.000        ; 0.000          ; High Pulse Width ; clk   ; Rise       ; i_counter|output_Q[5]|clk     ;
; 5.000 ; 5.000        ; 0.000          ; Low Pulse Width  ; clk   ; Rise       ; i_counter|output_Q[5]|clk     ;
; 5.000 ; 5.000        ; 0.000          ; High Pulse Width ; clk   ; Rise       ; i_counter|output_Q[6]|clk     ;
; 5.000 ; 5.000        ; 0.000          ; Low Pulse Width  ; clk   ; Rise       ; i_counter|output_Q[6]|clk     ;
; 5.000 ; 5.000        ; 0.000          ; High Pulse Width ; clk   ; Rise       ; i_counter|output_Q[7]|clk     ;
; 5.000 ; 5.000        ; 0.000          ; Low Pulse Width  ; clk   ; Rise       ; i_counter|output_Q[7]|clk     ;
; 5.000 ; 5.000        ; 0.000          ; High Pulse Width ; clk   ; Rise       ; i_counter|pomocna[0]|clk      ;
; 5.000 ; 5.000        ; 0.000          ; Low Pulse Width  ; clk   ; Rise       ; i_counter|pomocna[0]|clk      ;
; 5.000 ; 5.000        ; 0.000          ; High Pulse Width ; clk   ; Rise       ; i_counter|pomocna[1]|clk      ;
; 5.000 ; 5.000        ; 0.000          ; Low Pulse Width  ; clk   ; Rise       ; i_counter|pomocna[1]|clk      ;
; 5.000 ; 5.000        ; 0.000          ; High Pulse Width ; clk   ; Rise       ; i_counter|pomocna[2]|clk      ;
; 5.000 ; 5.000        ; 0.000          ; Low Pulse Width  ; clk   ; Rise       ; i_counter|pomocna[2]|clk      ;
; 5.000 ; 5.000        ; 0.000          ; High Pulse Width ; clk   ; Rise       ; i_counter|pomocna[3]|clk      ;
; 5.000 ; 5.000        ; 0.000          ; Low Pulse Width  ; clk   ; Rise       ; i_counter|pomocna[3]|clk      ;
; 5.000 ; 5.000        ; 0.000          ; High Pulse Width ; clk   ; Rise       ; i_counter|pomocna[4]|clk      ;
; 5.000 ; 5.000        ; 0.000          ; Low Pulse Width  ; clk   ; Rise       ; i_counter|pomocna[4]|clk      ;
; 5.000 ; 5.000        ; 0.000          ; High Pulse Width ; clk   ; Rise       ; i_counter|pomocna[5]|clk      ;
; 5.000 ; 5.000        ; 0.000          ; Low Pulse Width  ; clk   ; Rise       ; i_counter|pomocna[5]|clk      ;
; 5.000 ; 5.000        ; 0.000          ; High Pulse Width ; clk   ; Rise       ; i_counter|pomocna[6]|clk      ;
; 5.000 ; 5.000        ; 0.000          ; Low Pulse Width  ; clk   ; Rise       ; i_counter|pomocna[6]|clk      ;
; 5.000 ; 5.000        ; 0.000          ; High Pulse Width ; clk   ; Rise       ; i_counter|pomocna[7]|clk      ;
; 5.000 ; 5.000        ; 0.000          ; Low Pulse Width  ; clk   ; Rise       ; i_counter|pomocna[7]|clk      ;
; 5.000 ; 5.000        ; 0.000          ; High Pulse Width ; clk   ; Rise       ; input_CLK|combout             ;
; 5.000 ; 5.000        ; 0.000          ; Low Pulse Width  ; clk   ; Rise       ; input_CLK|combout             ;
; 7.778 ; 10.000       ; 2.222          ; Port Rate        ; clk   ; Rise       ; input_CLK                     ;
+-------+--------------+----------------+------------------+-------+------------+-------------------------------+


-------------------------------
; Fast Model Datasheet Report ;
-------------------------------
Nothing to report.


+-----------------------------------------------------------------------------+
; Multicorner Timing Analysis Summary                                         ;
+------------------+-------+-------+----------+---------+---------------------+
; Clock            ; Setup ; Hold  ; Recovery ; Removal ; Minimum Pulse Width ;
+------------------+-------+-------+----------+---------+---------------------+
; Worst-case Slack ; 7.729 ; 0.215 ; N/A      ; N/A     ; 4.000               ;
;  clk             ; 7.729 ; 0.215 ; N/A      ; N/A     ; 4.000               ;
; Design-wide TNS  ; 0.0   ; 0.0   ; 0.0      ; 0.0     ; 0.0                 ;
;  clk             ; 0.000 ; 0.000 ; N/A      ; N/A     ; 0.000               ;
+------------------+-------+-------+----------+---------+---------------------+


+-------------------------------------------------------------------+
; Setup Transfers                                                   ;
+------------+----------+----------+----------+----------+----------+
; From Clock ; To Clock ; RR Paths ; FR Paths ; RF Paths ; FF Paths ;
+------------+----------+----------+----------+----------+----------+
; clk        ; clk      ; 44       ; 0        ; 0        ; 0        ;
+------------+----------+----------+----------+----------+----------+
Entries labeled "false path" only account for clock-to-clock false paths and not path-based false paths. As a result, actual path counts may be lower than reported.


+-------------------------------------------------------------------+
; Hold Transfers                                                    ;
+------------+----------+----------+----------+----------+----------+
; From Clock ; To Clock ; RR Paths ; FR Paths ; RF Paths ; FF Paths ;
+------------+----------+----------+----------+----------+----------+
; clk        ; clk      ; 44       ; 0        ; 0        ; 0        ;
+------------+----------+----------+----------+----------+----------+
Entries labeled "false path" only account for clock-to-clock false paths and not path-based false paths. As a result, actual path counts may be lower than reported.


---------------
; Report TCCS ;
---------------
No dedicated SERDES Transmitter circuitry present in device or used in design


---------------
; Report RSKM ;
---------------
No dedicated SERDES Receiver circuitry present in device or used in design


+------------------------------------------------+
; Unconstrained Paths                            ;
+---------------------------------+-------+------+
; Property                        ; Setup ; Hold ;
+---------------------------------+-------+------+
; Illegal Clocks                  ; 0     ; 0    ;
; Unconstrained Clocks            ; 0     ; 0    ;
; Unconstrained Input Ports       ; 0     ; 0    ;
; Unconstrained Input Port Paths  ; 0     ; 0    ;
; Unconstrained Output Ports      ; 0     ; 0    ;
; Unconstrained Output Port Paths ; 0     ; 0    ;
+---------------------------------+-------+------+


+------------------------------------+
; TimeQuest Timing Analyzer Messages ;
+------------------------------------+
Info: *******************************************************************
Info: Running Quartus II 64-Bit TimeQuest Timing Analyzer
    Info: Version 13.0.1 Build 232 06/12/2013 Service Pack 1 SJ Web Edition
    Info: Processing started: Fri Nov 15 13:26:12 2019
Info: Command: quartus_sta top_registr_sedmi_segment -c top_registr_sedmi_segment
Info: qsta_default_script.tcl version: #1
Warning (20028): Parallel compilation is not licensed and has been disabled
Info (21077): Low junction temperature is 0 degrees C
Info (21077): High junction temperature is 85 degrees C
Info (332104): Reading SDC File: 'SDC3.sdc'
Info: Found TIMEQUEST_REPORT_SCRIPT_INCLUDE_DEFAULT_ANALYSIS = ON
Info: Analyzing Slow Model
Info (332146): Worst-case setup slack is 7.729
    Info (332119):     Slack End Point TNS Clock 
    Info (332119): ========= ============= =====================
    Info (332119):     7.729         0.000 clk 
Info (332146): Worst-case hold slack is 0.391
    Info (332119):     Slack End Point TNS Clock 
    Info (332119): ========= ============= =====================
    Info (332119):     0.391         0.000 clk 
Info (332140): No Recovery paths to report
Info (332140): No Removal paths to report
Info (332146): Worst-case minimum pulse width slack is 4.000
    Info (332119):     Slack End Point TNS Clock 
    Info (332119): ========= ============= =====================
    Info (332119):     4.000         0.000 clk 
Info (332001): The selected device family is not supported by the report_metastability command.
Info: Analyzing Fast Model
Info (332146): Worst-case setup slack is 8.965
    Info (332119):     Slack End Point TNS Clock 
    Info (332119): ========= ============= =====================
    Info (332119):     8.965         0.000 clk 
Info (332146): Worst-case hold slack is 0.215
    Info (332119):     Slack End Point TNS Clock 
    Info (332119): ========= ============= =====================
    Info (332119):     0.215         0.000 clk 
Info (332140): No Recovery paths to report
Info (332140): No Removal paths to report
Info (332146): Worst-case minimum pulse width slack is 4.000
    Info (332119):     Slack End Point TNS Clock 
    Info (332119): ========= ============= =====================
    Info (332119):     4.000         0.000 clk 
Info (332001): The selected device family is not supported by the report_metastability command.
Info (332101): Design is fully constrained for setup requirements
Info (332101): Design is fully constrained for hold requirements
Info: Quartus II 64-Bit TimeQuest Timing Analyzer was successful. 0 errors, 1 warning
    Info: Peak virtual memory: 4521 megabytes
    Info: Processing ended: Fri Nov 15 13:26:14 2019
    Info: Elapsed time: 00:00:02
    Info: Total CPU time (on all processors): 00:00:01


